<?xml version="1.0" encoding="UTF-8"?>
<testsuite xmlns:xsi="http://www.w3.org/2001/XMLSchema-instance" xsi:noNamespaceSchemaLocation="https://maven.apache.org/surefire/maven-surefire-plugin/xsd/surefire-test-report-3.0.xsd" version="3.0" name="com.seguridad.seguridad_calidad_back.SeguridadCalidadBackApplicationTests" time="6.669" tests="1" errors="0" skipped="0" failures="0">
  <properties>
[...]
</properties>
  <testcase name="contextLoads" classname="com.seguridad.seguridad_calidad_back.SeguridadCalidadBackApplicationTests" time="0.568">
    <system-out><![CDATA[22:56:21.083 [main] INFO org.springframework.test.context.support.AnnotationConfigContextLoaderUtils -- Could not detect default configuration classes for test class [com.seguridad.seguridad_calidad_back.SeguridadCalidadBackApplicationTests]: SeguridadCalidadBackApplicationTests does not declare any static, non-private, non-final, nested classes annotated with @Configuration.
22:56:21.239 [main] INFO org.springframework.boot.test.context.SpringBootTestContextBootstrapper -- Found @SpringBootConfiguration com.seguridad.seguridad_calidad_back.SeguridadCalidadBackApplication for test class com.seguridad.seguridad_calidad_back.SeguridadCalidadBackApplicationTests

  .   ____          _            __ _ _
 /\\ / ___'_ __ _ _(_)_ __  __ _ \ \ \ \
( ( )\___ | '_ | '_| | '_ \/ _` | \ \ \ \
 \\/  ___)| |_)| | | | | || (_| |  ) ) ) )
  '  |____| .__|_| |_|_| |_\__, | / / / /
 =========|_|==============|___/=/_/_/_/

 :: Spring Boot ::                (v3.3.5)

2024-10-28T22:56:21.729-03:00  INFO 17164 --- [seguridad-calidad-back] [           main] s.s.SeguridadCalidadBackApplicationTests : Starting SeguridadCalidadBackApplicationTests using Java 21.0.2 with PID 17164 (started by jorgs in H:\Duoc\SEGURIDAD Y CALIDAD EN EL DESARROLLO DE SOFTWARE\S2\seguridad-calidad-back)
2024-10-28T22:56:21.730-03:00 DEBUG 17164 --- [seguridad-calidad-back] [           main] s.s.SeguridadCalidadBackApplicationTests : Running with Spring Boot v3.3.5, Spring v6.1.14
2024-10-28T22:56:21.731-03:00  INFO 17164 --- [seguridad-calidad-back] [           main] s.s.SeguridadCalidadBackApplicationTests : No active profile set, falling back to 1 default profile: "default"
2024-10-28T22:56:21.731-03:00 DEBUG 17164 --- [seguridad-calidad-back] [           main] o.s.boot.SpringApplication               : Loading source class com.seguridad.seguridad_calidad_back.SeguridadCalidadBackApplication
2024-10-28T22:56:21.763-03:00 DEBUG 17164 --- [seguridad-calidad-back] [           main] o.s.w.c.s.GenericWebApplicationContext   : Refreshing org.springframework.web.context.support.GenericWebApplicationContext@41c07648
2024-10-28T22:56:21.785-03:00 DEBUG 17164 --- [seguridad-calidad-back] [           main] o.s.b.f.s.DefaultListableBeanFactory     : Creating shared instance of singleton bean 'org.springframework.context.annotation.internalConfigurationAnnotationProcessor'
2024-10-28T22:56:21.799-03:00 DEBUG 17164 --- [seguridad-calidad-back] [           main] o.s.b.f.s.DefaultListableBeanFactory     : Creating shared instance of singleton bean 'org.springframework.boot.autoconfigure.internalCachingMetadataReaderFactory'
2024-10-28T22:56:21.859-03:00 DEBUG 17164 --- [seguridad-calidad-back] [           main] o.s.c.a.ClassPathBeanDefinitionScanner   : Identified candidate component class: file [H:\Duoc\SEGURIDAD Y CALIDAD EN EL DESARROLLO DE SOFTWARE\S2\seguridad-calidad-back\target\classes\com\seguridad\seguridad_calidad_back\controller\RecetaController.class]
2024-10-28T22:56:21.867-03:00 DEBUG 17164 --- [seguridad-calidad-back] [           main] o.s.c.a.ClassPathBeanDefinitionScanner   : Identified candidate component class: file [H:\Duoc\SEGURIDAD Y CALIDAD EN EL DESARROLLO DE SOFTWARE\S2\seguridad-calidad-back\target\classes\com\seguridad\seguridad_calidad_back\service\IngredienteServiceImpl.class]
2024-10-28T22:56:21.870-03:00 DEBUG 17164 --- [seguridad-calidad-back] [           main] o.s.c.a.ClassPathBeanDefinitionScanner   : Identified candidate component class: file [H:\Duoc\SEGURIDAD Y CALIDAD EN EL DESARROLLO DE SOFTWARE\S2\seguridad-calidad-back\target\classes\com\seguridad\seguridad_calidad_back\service\RecetaServiceImpl.class]
2024-10-28T22:56:22.496-03:00  INFO 17164 --- [seguridad-calidad-back] [           main] .s.d.r.c.RepositoryConfigurationDelegate : Bootstrapping Spring Data JPA repositories in DEFAULT mode.
2024-10-28T22:56:22.510-03:00 DEBUG 17164 --- [seguridad-calidad-back] [           main] o.s.b.f.s.DefaultListableBeanFactory     : Creating shared instance of singleton bean 'org.springframework.boot.autoconfigure.AutoConfigurationPackages'
2024-10-28T22:56:22.524-03:00 DEBUG 17164 --- [seguridad-calidad-back] [           main] o.s.b.a.AutoConfigurationPackages        : @EnableAutoConfiguration was declared on a class in the package 'com.seguridad.seguridad_calidad_back'. Automatic @Repository and @Entity scanning is enabled.
2024-10-28T22:56:22.526-03:00 DEBUG 17164 --- [seguridad-calidad-back] [           main] .s.d.r.c.RepositoryConfigurationDelegate : Scanning for JPA repositories in packages com.seguridad.seguridad_calidad_back.
2024-10-28T22:56:22.552-03:00 DEBUG 17164 --- [seguridad-calidad-back] [           main] o.s.d.r.c.RepositoryComponentProvider    : Identified candidate component class: file [H:\Duoc\SEGURIDAD Y CALIDAD EN EL DESARROLLO DE SOFTWARE\S2\seguridad-calidad-back\target\classes\com\seguridad\seguridad_calidad_back\repository\IngredienteRepository.class]
2024-10-28T22:56:22.552-03:00 DEBUG 17164 --- [seguridad-calidad-back] [           main] o.s.d.r.c.RepositoryComponentProvider    : Identified candidate component class: file [H:\Duoc\SEGURIDAD Y CALIDAD EN EL DESARROLLO DE SOFTWARE\S2\seguridad-calidad-back\target\classes\com\seguridad\seguridad_calidad_back\repository\RecetaIngredienteRepository.class]
2024-10-28T22:56:22.552-03:00 DEBUG 17164 --- [seguridad-calidad-back] [           main] o.s.d.r.c.RepositoryComponentProvider    : Identified candidate component class: file [H:\Duoc\SEGURIDAD Y CALIDAD EN EL DESARROLLO DE SOFTWARE\S2\seguridad-calidad-back\target\classes\com\seguridad\seguridad_calidad_back\repository\RecetaRepository.class]
2024-10-28T22:56:22.602-03:00 DEBUG 17164 --- [seguridad-calidad-back] [           main] ssPathScanningCandidateComponentProvider : Identified candidate component class: file [H:\Duoc\SEGURIDAD Y CALIDAD EN EL DESARROLLO DE SOFTWARE\S2\seguridad-calidad-back\target\classes\com\seguridad\seguridad_calidad_back\service\IngredienteServiceImpl.class]
2024-10-28T22:56:22.602-03:00 DEBUG 17164 --- [seguridad-calidad-back] [           main] ssPathScanningCandidateComponentProvider : Identified candidate component class: file [H:\Duoc\SEGURIDAD Y CALIDAD EN EL DESARROLLO DE SOFTWARE\S2\seguridad-calidad-back\target\classes\com\seguridad\seguridad_calidad_back\service\RecetaIngredienteServiceImpl.class]
2024-10-28T22:56:22.602-03:00 DEBUG 17164 --- [seguridad-calidad-back] [           main] ssPathScanningCandidateComponentProvider : Identified candidate component class: file [H:\Duoc\SEGURIDAD Y CALIDAD EN EL DESARROLLO DE SOFTWARE\S2\seguridad-calidad-back\target\classes\com\seguridad\seguridad_calidad_back\service\RecetaServiceImpl.class]
2024-10-28T22:56:22.619-03:00  INFO 17164 --- [seguridad-calidad-back] [           main] .s.d.r.c.RepositoryConfigurationDelegate : Finished Spring Data repository scanning in 91 ms. Found 3 JPA repository interfaces.
2024-10-28T22:56:22.794-03:00 DEBUG 17164 --- [seguridad-calidad-back] [           main] o.s.b.f.s.DefaultListableBeanFactory     : Creating shared instance of singleton bean 'propertySourcesPlaceholderConfigurer'
2024-10-28T22:56:22.798-03:00 DEBUG 17164 --- [seguridad-calidad-back] [           main] o.s.b.f.s.DefaultListableBeanFactory     : Creating shared instance of singleton bean 'org.springframework.boot.test.mock.mockito.MockitoPostProcessor'
2024-10-28T22:56:22.800-03:00 DEBUG 17164 --- [seguridad-calidad-back] [           main] o.s.b.f.s.DefaultListableBeanFactory     : Creating shared instance of singleton bean 'emBeanDefinitionRegistrarPostProcessor'
2024-10-28T22:56:22.800-03:00 DEBUG 17164 --- [seguridad-calidad-back] [           main] o.s.b.f.s.DefaultListableBeanFactory     : Creating shared instance of singleton bean 'org.springframework.boot.sql.init.dependency.DatabaseInitializationDependencyConfigurer$DependsOnDatabaseInitializationPostProcessor'
2024-10-28T22:56:22.851-03:00 DEBUG 17164 --- [seguridad-calidad-back] [           main] o.s.b.f.s.DefaultListableBeanFactory     : Creating shared instance of singleton bean 'org.springframework.context.event.internalEventListenerProcessor'
2024-10-28T22:56:22.853-03:00 DEBUG 17164 --- [seguridad-calidad-back] [           main] o.s.b.f.s.DefaultListableBeanFactory     : Creating shared instance of singleton bean 'preserveErrorControllerTargetClassPostProcessor'
2024-10-28T22:56:22.854-03:00 DEBUG 17164 --- [seguridad-calidad-back] [           main] o.s.b.f.s.DefaultListableBeanFactory     : Creating shared instance of singleton bean 'org.springframework.context.event.internalEventListenerFactory'
2024-10-28T22:56:22.854-03:00 DEBUG 17164 --- [seguridad-calidad-back] [           main] o.s.b.f.s.DefaultListableBeanFactory     : Creating shared instance of singleton bean 'org.springframework.transaction.config.internalTransactionalEventListenerFactory'
2024-10-28T22:56:22.858-03:00 DEBUG 17164 --- [seguridad-calidad-back] [           main] o.s.b.f.s.DefaultListableBeanFactory     : Creating shared instance of singleton bean 'org.springframework.boot.test.mock.mockito.MockitoPostProcessor$SpyPostProcessor'
2024-10-28T22:56:22.860-03:00 DEBUG 17164 --- [seguridad-calidad-back] [           main] o.s.b.f.s.DefaultListableBeanFactory     : Creating shared instance of singleton bean 'org.springframework.context.annotation.internalAutowiredAnnotationProcessor'
2024-10-28T22:56:22.863-03:00 DEBUG 17164 --- [seguridad-calidad-back] [           main] o.s.b.f.s.DefaultListableBeanFactory     : Creating shared instance of singleton bean 'org.springframework.context.annotation.internalCommonAnnotationProcessor'
2024-10-28T22:56:22.867-03:00 DEBUG 17164 --- [seguridad-calidad-back] [           main] o.s.b.f.s.DefaultListableBeanFactory     : Creating shared instance of singleton bean 'org.springframework.context.annotation.internalPersistenceAnnotationProcessor'
2024-10-28T22:56:22.868-03:00 DEBUG 17164 --- [seguridad-calidad-back] [           main] o.s.b.f.s.DefaultListableBeanFactory     : Creating shared instance of singleton bean 'org.springframework.boot.context.properties.ConfigurationPropertiesBindingPostProcessor'
2024-10-28T22:56:22.868-03:00 DEBUG 17164 --- [seguridad-calidad-back] [           main] o.s.b.f.s.DefaultListableBeanFactory     : Creating shared instance of singleton bean 'org.springframework.boot.context.internalConfigurationPropertiesBinder'
2024-10-28T22:56:22.871-03:00 DEBUG 17164 --- [seguridad-calidad-back] [           main] o.s.b.f.s.DefaultListableBeanFactory     : Creating shared instance of singleton bean 'jdbcConnectionDetailsHikariBeanPostProcessor'
2024-10-28T22:56:22.876-03:00 DEBUG 17164 --- [seguridad-calidad-back] [           main] o.s.b.f.s.DefaultListableBeanFactory     : Creating shared instance of singleton bean 'org.springframework.aop.config.internalAutoProxyCreator'
2024-10-28T22:56:22.919-03:00 DEBUG 17164 --- [seguridad-calidad-back] [           main] o.s.b.f.s.DefaultListableBeanFactory     : Creating shared instance of singleton bean 'persistenceExceptionTranslationPostProcessor'
2024-10-28T22:56:22.945-03:00 DEBUG 17164 --- [seguridad-calidad-back] [           main] o.s.b.f.s.DefaultListableBeanFactory     : Autowiring by type from bean name 'persistenceExceptionTranslationPostProcessor' via factory method to bean named 'environment'
2024-10-28T22:56:22.953-03:00 DEBUG 17164 --- [seguridad-calidad-back] [           main] o.s.b.f.s.DefaultListableBeanFactory     : Creating shared instance of singleton bean 'webServerFactoryCustomizerBeanPostProcessor'
2024-10-28T22:56:22.954-03:00 DEBUG 17164 --- [seguridad-calidad-back] [           main] o.s.b.f.s.DefaultListableBeanFactory     : Creating shared instance of singleton bean 'errorPageRegistrarBeanPostProcessor'
2024-10-28T22:56:22.955-03:00 DEBUG 17164 --- [seguridad-calidad-back] [           main] o.s.b.f.s.DefaultListableBeanFactory     : Creating shared instance of singleton bean 'projectingArgumentResolverBeanPostProcessor'
2024-10-28T22:56:22.956-03:00 DEBUG 17164 --- [seguridad-calidad-back] [           main] o.s.b.f.s.DefaultListableBeanFactory     : Creating shared instance of singleton bean 'org.springframework.transaction.config.internalTransactionAdvisor'
2024-10-28T22:56:22.957-03:00 DEBUG 17164 --- [seguridad-calidad-back] [           main] o.s.b.f.s.DefaultListableBeanFactory     : Creating shared instance of singleton bean 'org.springframework.transaction.annotation.ProxyTransactionManagementConfiguration'
2024-10-28T22:56:22.970-03:00 DEBUG 17164 --- [seguridad-calidad-back] [           main] o.s.b.f.s.DefaultListableBeanFactory     : Creating shared instance of singleton bean 'transactionAttributeSource'
2024-10-28T22:56:22.972-03:00 DEBUG 17164 --- [seguridad-calidad-back] [           main] o.s.b.f.s.DefaultListableBeanFactory     : Creating shared instance of singleton bean 'transactionInterceptor'
2024-10-28T22:56:22.973-03:00 DEBUG 17164 --- [seguridad-calidad-back] [           main] o.s.b.f.s.DefaultListableBeanFactory     : Autowiring by type from bean name 'transactionInterceptor' via factory method to bean named 'transactionAttributeSource'
2024-10-28T22:56:22.978-03:00 DEBUG 17164 --- [seguridad-calidad-back] [           main] o.s.b.f.s.DefaultListableBeanFactory     : Autowiring by type from bean name 'org.springframework.transaction.config.internalTransactionAdvisor' via factory method to bean named 'transactionAttributeSource'
2024-10-28T22:56:22.979-03:00 DEBUG 17164 --- [seguridad-calidad-back] [           main] o.s.b.f.s.DefaultListableBeanFactory     : Autowiring by type from bean name 'org.springframework.transaction.config.internalTransactionAdvisor' via factory method to bean named 'transactionInterceptor'
2024-10-28T22:56:23.014-03:00 DEBUG 17164 --- [seguridad-calidad-back] [           main] o.s.u.c.s.UiApplicationContextUtils      : Unable to locate ThemeSource with name 'themeSource': using default [org.springframework.ui.context.support.ResourceBundleThemeSource@286090c]
2024-10-28T22:56:23.015-03:00 DEBUG 17164 --- [seguridad-calidad-back] [           main] o.s.b.f.s.DefaultListableBeanFactory     : Creating shared instance of singleton bean 'dataSourceScriptDatabaseInitializer'
2024-10-28T22:56:23.016-03:00 DEBUG 17164 --- [seguridad-calidad-back] [           main] o.s.b.f.s.DefaultListableBeanFactory     : Creating shared instance of singleton bean 'org.springframework.boot.autoconfigure.sql.init.DataSourceInitializationConfiguration'
2024-10-28T22:56:23.018-03:00 DEBUG 17164 --- [seguridad-calidad-back] [           main] o.s.b.f.s.DefaultListableBeanFactory     : Creating shared instance of singleton bean 'dataSource'
2024-10-28T22:56:23.018-03:00 DEBUG 17164 --- [seguridad-calidad-back] [           main] o.s.b.f.s.DefaultListableBeanFactory     : Creating shared instance of singleton bean 'org.springframework.boot.autoconfigure.jdbc.DataSourceConfiguration$Hikari'
2024-10-28T22:56:23.019-03:00 DEBUG 17164 --- [seguridad-calidad-back] [           main] o.s.b.f.s.DefaultListableBeanFactory     : Creating shared instance of singleton bean 'spring.datasource-org.springframework.boot.autoconfigure.jdbc.DataSourceProperties'
2024-10-28T22:56:23.021-03:00 DEBUG 17164 --- [seguridad-calidad-back] [           main] o.s.b.f.s.DefaultListableBeanFactory     : Creating shared instance of singleton bean 'org.springframework.boot.context.properties.BoundConfigurationProperties'
2024-10-28T22:56:23.049-03:00 DEBUG 17164 --- [seguridad-calidad-back] [           main] o.s.b.f.s.DefaultListableBeanFactory     : Creating shared instance of singleton bean 'jdbcConnectionDetails'
2024-10-28T22:56:23.049-03:00 DEBUG 17164 --- [seguridad-calidad-back] [           main] o.s.b.f.s.DefaultListableBeanFactory     : Creating shared instance of singleton bean 'org.springframework.boot.autoconfigure.jdbc.DataSourceAutoConfiguration$PooledDataSourceConfiguration'
2024-10-28T22:56:23.051-03:00 DEBUG 17164 --- [seguridad-calidad-back] [           main] o.s.b.f.s.DefaultListableBeanFactory     : Autowiring by type from bean name 'jdbcConnectionDetails' via factory method to bean named 'spring.datasource-org.springframework.boot.autoconfigure.jdbc.DataSourceProperties'
2024-10-28T22:56:23.052-03:00 DEBUG 17164 --- [seguridad-calidad-back] [           main] o.s.b.f.s.DefaultListableBeanFactory     : Autowiring by type from bean name 'dataSource' via factory method to bean named 'spring.datasource-org.springframework.boot.autoconfigure.jdbc.DataSourceProperties'
2024-10-28T22:56:23.052-03:00 DEBUG 17164 --- [seguridad-calidad-back] [           main] o.s.b.f.s.DefaultListableBeanFactory     : Autowiring by type from bean name 'dataSource' via factory method to bean named 'jdbcConnectionDetails'
2024-10-28T22:56:23.056-03:00 DEBUG 17164 --- [seguridad-calidad-back] [           main] com.zaxxer.hikari.HikariConfig           : Driver class com.mysql.cj.jdbc.Driver found in Thread context class loader jdk.internal.loader.ClassLoaders$AppClassLoader@70dea4e
2024-10-28T22:56:23.090-03:00 DEBUG 17164 --- [seguridad-calidad-back] [           main] o.s.b.f.s.DefaultListableBeanFactory     : Creating shared instance of singleton bean 'spring.sql.init-org.springframework.boot.autoconfigure.sql.init.SqlInitializationProperties'
2024-10-28T22:56:23.094-03:00 DEBUG 17164 --- [seguridad-calidad-back] [           main] o.s.b.f.s.DefaultListableBeanFactory     : Autowiring by type from bean name 'dataSourceScriptDatabaseInitializer' via factory method to bean named 'dataSource'
2024-10-28T22:56:23.094-03:00 DEBUG 17164 --- [seguridad-calidad-back] [           main] o.s.b.f.s.DefaultListableBeanFactory     : Autowiring by type from bean name 'dataSourceScriptDatabaseInitializer' via factory method to bean named 'spring.sql.init-org.springframework.boot.autoconfigure.sql.init.SqlInitializationProperties'
2024-10-28T22:56:23.103-03:00 DEBUG 17164 --- [seguridad-calidad-back] [           main] o.s.b.f.s.DefaultListableBeanFactory     : Creating shared instance of singleton bean 'entityManagerFactory'
2024-10-28T22:56:23.104-03:00 DEBUG 17164 --- [seguridad-calidad-back] [           main] o.s.b.f.s.DefaultListableBeanFactory     : Creating shared instance of singleton bean 'org.springframework.boot.autoconfigure.orm.jpa.HibernateJpaConfiguration'
2024-10-28T22:56:23.106-03:00 DEBUG 17164 --- [seguridad-calidad-back] [           main] o.s.b.f.s.DefaultListableBeanFactory     : Creating shared instance of singleton bean 'spring.jpa-org.springframework.boot.autoconfigure.orm.jpa.JpaProperties'
2024-10-28T22:56:23.113-03:00 DEBUG 17164 --- [seguridad-calidad-back] [           main] o.s.b.f.s.DefaultListableBeanFactory     : Creating shared instance of singleton bean 'spring.jpa.hibernate-org.springframework.boot.autoconfigure.orm.jpa.HibernateProperties'
2024-10-28T22:56:23.117-03:00 DEBUG 17164 --- [seguridad-calidad-back] [           main] o.s.b.f.s.DefaultListableBeanFactory     : Autowiring by type from bean name 'org.springframework.boot.autoconfigure.orm.jpa.HibernateJpaConfiguration' via constructor to bean named 'dataSource'
2024-10-28T22:56:23.118-03:00 DEBUG 17164 --- [seguridad-calidad-back] [           main] o.s.b.f.s.DefaultListableBeanFactory     : Autowiring by type from bean name 'org.springframework.boot.autoconfigure.orm.jpa.HibernateJpaConfiguration' via constructor to bean named 'spring.jpa-org.springframework.boot.autoconfigure.orm.jpa.JpaProperties'
2024-10-28T22:56:23.118-03:00 DEBUG 17164 --- [seguridad-calidad-back] [           main] o.s.b.f.s.DefaultListableBeanFactory     : Autowiring by type from bean name 'org.springframework.boot.autoconfigure.orm.jpa.HibernateJpaConfiguration' via constructor to bean named 'org.springframework.beans.factory.support.DefaultListableBeanFactory@4925f4f5'
2024-10-28T22:56:23.118-03:00 DEBUG 17164 --- [seguridad-calidad-back] [           main] o.s.b.f.s.DefaultListableBeanFactory     : Autowiring by type from bean name 'org.springframework.boot.autoconfigure.orm.jpa.HibernateJpaConfiguration' via constructor to bean named 'spring.jpa.hibernate-org.springframework.boot.autoconfigure.orm.jpa.HibernateProperties'
2024-10-28T22:56:23.123-03:00 DEBUG 17164 --- [seguridad-calidad-back] [           main] o.s.b.f.s.DefaultListableBeanFactory     : Creating shared instance of singleton bean 'hikariPoolDataSourceMetadataProvider'
2024-10-28T22:56:23.124-03:00 DEBUG 17164 --- [seguridad-calidad-back] [           main] o.s.b.f.s.DefaultListableBeanFactory     : Creating shared instance of singleton bean 'org.springframework.boot.autoconfigure.jdbc.metadata.DataSourcePoolMetadataProvidersConfiguration$HikariPoolDataSourceMetadataProviderConfiguration'
2024-10-28T22:56:23.133-03:00 DEBUG 17164 --- [seguridad-calidad-back] [           main] o.s.b.f.s.DefaultListableBeanFactory     : Creating shared instance of singleton bean 'entityManagerFactoryBuilder'
2024-10-28T22:56:23.135-03:00 DEBUG 17164 --- [seguridad-calidad-back] [           main] o.s.b.f.s.DefaultListableBeanFactory     : Creating shared instance of singleton bean 'jpaVendorAdapter'
2024-10-28T22:56:23.157-03:00 DEBUG 17164 --- [seguridad-calidad-back] [           main] org.jboss.logging                        : Logging Provider: org.jboss.logging.Slf4jLoggerProvider found via system property
2024-10-28T22:56:23.163-03:00 DEBUG 17164 --- [seguridad-calidad-back] [           main] o.s.b.f.s.DefaultListableBeanFactory     : Autowiring by type from bean name 'entityManagerFactoryBuilder' via factory method to bean named 'jpaVendorAdapter'
2024-10-28T22:56:23.168-03:00 DEBUG 17164 --- [seguridad-calidad-back] [           main] o.s.b.f.s.DefaultListableBeanFactory     : Creating shared instance of singleton bean 'persistenceManagedTypes'
2024-10-28T22:56:23.170-03:00 DEBUG 17164 --- [seguridad-calidad-back] [           main] o.s.b.f.s.DefaultListableBeanFactory     : Autowiring by type from bean name 'persistenceManagedTypes' via factory method to bean named 'org.springframework.beans.factory.support.DefaultListableBeanFactory@4925f4f5'
2024-10-28T22:56:23.170-03:00 DEBUG 17164 --- [seguridad-calidad-back] [           main] o.s.b.f.s.DefaultListableBeanFactory     : Autowiring by type from bean name 'persistenceManagedTypes' via factory method to bean named 'org.springframework.web.context.support.GenericWebApplicationContext@41c07648'
2024-10-28T22:56:23.194-03:00 DEBUG 17164 --- [seguridad-calidad-back] [           main] o.s.b.f.s.DefaultListableBeanFactory     : Autowiring by type from bean name 'entityManagerFactory' via factory method to bean named 'entityManagerFactoryBuilder'
2024-10-28T22:56:23.195-03:00 DEBUG 17164 --- [seguridad-calidad-back] [           main] o.s.b.f.s.DefaultListableBeanFactory     : Autowiring by type from bean name 'entityManagerFactory' via factory method to bean named 'persistenceManagedTypes'
2024-10-28T22:56:23.221-03:00 DEBUG 17164 --- [seguridad-calidad-back] [           main] j.LocalContainerEntityManagerFactoryBean : Building JPA container EntityManagerFactory for persistence unit 'default'
2024-10-28T22:56:23.258-03:00 DEBUG 17164 --- [seguridad-calidad-back] [           main] o.hibernate.jpa.internal.util.LogHelper  : PersistenceUnitInfo [
	name: default
	persistence provider classname: null
	classloader: jdk.internal.loader.ClassLoaders$AppClassLoader@70dea4e
	excludeUnlistedClasses: true
	JTA datasource: null
	Non JTA datasource: HikariDataSource (null)
	Transaction type: RESOURCE_LOCAL
	PU root URL: file:/H:/Duoc/SEGURIDAD%20Y%20CALIDAD%20EN%20EL%20DESARROLLO%20DE%20SOFTWARE/S2/seguridad-calidad-back/target/test-classes/
	Shared Cache Mode: UNSPECIFIED
	Validation Mode: AUTO
	Jar files URLs []
	Managed classes names [
		com.seguridad.seguridad_calidad_back.model.Ingrediente
		com.seguridad.seguridad_calidad_back.model.Receta
		com.seguridad.seguridad_calidad_back.model.RecetaIngrediente
		com.seguridad.seguridad_calidad_back.model.RecetaIngredienteId]
	Mapping files names []
	Properties []
2024-10-28T22:56:23.279-03:00 DEBUG 17164 --- [seguridad-calidad-back] [           main] o.h.i.internal.IntegratorServiceImpl     : Adding Integrator [org.hibernate.boot.beanvalidation.BeanValidationIntegrator].
2024-10-28T22:56:23.281-03:00 DEBUG 17164 --- [seguridad-calidad-back] [           main] o.h.i.internal.IntegratorServiceImpl     : Adding Integrator [org.hibernate.cache.internal.CollectionCacheInvalidator].
2024-10-28T22:56:23.351-03:00  INFO 17164 --- [seguridad-calidad-back] [           main] org.hibernate.Version                    : HHH000412: Hibernate ORM core version 6.5.3.Final
2024-10-28T22:56:23.352-03:00 DEBUG 17164 --- [seguridad-calidad-back] [           main] org.hibernate.cfg.Environment            : HHH000206: 'hibernate.properties' not found
2024-10-28T22:56:23.375-03:00 DEBUG 17164 --- [seguridad-calidad-back] [           main] org.hibernate.orm.idgen.factory          : Registering IdentifierGenerator strategy [uuid2] -> [org.hibernate.id.UUIDGenerator]
2024-10-28T22:56:23.376-03:00 DEBUG 17164 --- [seguridad-calidad-back] [           main] org.hibernate.orm.idgen.factory          : Registering IdentifierGenerator strategy [guid] -> [org.hibernate.id.GUIDGenerator]
2024-10-28T22:56:23.377-03:00 DEBUG 17164 --- [seguridad-calidad-back] [           main] org.hibernate.orm.idgen.factory          : Registering IdentifierGenerator strategy [uuid] -> [org.hibernate.id.UUIDHexGenerator]
2024-10-28T22:56:23.377-03:00 DEBUG 17164 --- [seguridad-calidad-back] [           main] org.hibernate.orm.idgen.factory          : Registering IdentifierGenerator strategy [uuid.hex] -> [org.hibernate.id.UUIDHexGenerator]
2024-10-28T22:56:23.377-03:00 DEBUG 17164 --- [seguridad-calidad-back] [           main] org.hibernate.orm.idgen.factory          : Registering IdentifierGenerator strategy [assigned] -> [org.hibernate.id.Assigned]
2024-10-28T22:56:23.378-03:00 DEBUG 17164 --- [seguridad-calidad-back] [           main] org.hibernate.orm.idgen.factory          : Registering IdentifierGenerator strategy [identity] -> [org.hibernate.id.IdentityGenerator]
2024-10-28T22:56:23.379-03:00 DEBUG 17164 --- [seguridad-calidad-back] [           main] org.hibernate.orm.idgen.factory          : Registering IdentifierGenerator strategy [select] -> [org.hibernate.id.SelectGenerator]
2024-10-28T22:56:23.380-03:00 DEBUG 17164 --- [seguridad-calidad-back] [           main] org.hibernate.orm.idgen.factory          : Registering IdentifierGenerator strategy [sequence] -> [org.hibernate.id.enhanced.SequenceStyleGenerator]
2024-10-28T22:56:23.381-03:00 DEBUG 17164 --- [seguridad-calidad-back] [           main] org.hibernate.orm.idgen.factory          : Registering IdentifierGenerator strategy [increment] -> [org.hibernate.id.IncrementGenerator]
2024-10-28T22:56:23.381-03:00 DEBUG 17164 --- [seguridad-calidad-back] [           main] org.hibernate.orm.idgen.factory          : Registering IdentifierGenerator strategy [foreign] -> [org.hibernate.id.ForeignGenerator]
2024-10-28T22:56:23.381-03:00 DEBUG 17164 --- [seguridad-calidad-back] [           main] org.hibernate.orm.idgen.factory          : Registering IdentifierGenerator strategy [enhanced-sequence] -> [org.hibernate.id.enhanced.SequenceStyleGenerator]
2024-10-28T22:56:23.382-03:00 DEBUG 17164 --- [seguridad-calidad-back] [           main] org.hibernate.orm.idgen.factory          : Registering IdentifierGenerator strategy [enhanced-table] -> [org.hibernate.id.enhanced.TableGenerator]
2024-10-28T22:56:23.387-03:00 DEBUG 17164 --- [seguridad-calidad-back] [           main] o.h.c.internal.RegionFactoryInitiator    : Cannot default RegionFactory based on registered strategies as `[]` RegionFactory strategies were registered
2024-10-28T22:56:23.388-03:00  INFO 17164 --- [seguridad-calidad-back] [           main] o.h.c.internal.RegionFactoryInitiator    : HHH000026: Second-level cache disabled
2024-10-28T22:56:23.491-03:00 DEBUG 17164 --- [seguridad-calidad-back] [           main] org.hibernate.type.BasicTypeRegistry     : Adding type registration boolean -> org.hibernate.type.BasicTypeReference@4f820f42
2024-10-28T22:56:23.491-03:00 DEBUG 17164 --- [seguridad-calidad-back] [           main] org.hibernate.type.BasicTypeRegistry     : Adding type registration boolean -> org.hibernate.type.BasicTypeReference@4f820f42
2024-10-28T22:56:23.491-03:00 DEBUG 17164 --- [seguridad-calidad-back] [           main] org.hibernate.type.BasicTypeRegistry     : Adding type registration java.lang.Boolean -> org.hibernate.type.BasicTypeReference@4f820f42
2024-10-28T22:56:23.492-03:00 DEBUG 17164 --- [seguridad-calidad-back] [           main] org.hibernate.type.BasicTypeRegistry     : Adding type registration numeric_boolean -> org.hibernate.type.BasicTypeReference@4b325930
2024-10-28T22:56:23.492-03:00 DEBUG 17164 --- [seguridad-calidad-back] [           main] org.hibernate.type.BasicTypeRegistry     : Adding type registration org.hibernate.type.NumericBooleanConverter -> org.hibernate.type.BasicTypeReference@4b325930
2024-10-28T22:56:23.492-03:00 DEBUG 17164 --- [seguridad-calidad-back] [           main] org.hibernate.type.BasicTypeRegistry     : Adding type registration true_false -> org.hibernate.type.BasicTypeReference@267f9765
2024-10-28T22:56:23.492-03:00 DEBUG 17164 --- [seguridad-calidad-back] [           main] org.hibernate.type.BasicTypeRegistry     : Adding type registration org.hibernate.type.TrueFalseConverter -> org.hibernate.type.BasicTypeReference@267f9765
2024-10-28T22:56:23.492-03:00 DEBUG 17164 --- [seguridad-calidad-back] [           main] org.hibernate.type.BasicTypeRegistry     : Adding type registration yes_no -> org.hibernate.type.BasicTypeReference@79ba0a6f
2024-10-28T22:56:23.492-03:00 DEBUG 17164 --- [seguridad-calidad-back] [           main] org.hibernate.type.BasicTypeRegistry     : Adding type registration org.hibernate.type.YesNoConverter -> org.hibernate.type.BasicTypeReference@79ba0a6f
2024-10-28T22:56:23.492-03:00 DEBUG 17164 --- [seguridad-calidad-back] [           main] org.hibernate.type.BasicTypeRegistry     : Adding type registration byte -> org.hibernate.type.BasicTypeReference@261de205
2024-10-28T22:56:23.492-03:00 DEBUG 17164 --- [seguridad-calidad-back] [           main] org.hibernate.type.BasicTypeRegistry     : Adding type registration byte -> org.hibernate.type.BasicTypeReference@261de205
2024-10-28T22:56:23.492-03:00 DEBUG 17164 --- [seguridad-calidad-back] [           main] org.hibernate.type.BasicTypeRegistry     : Adding type registration java.lang.Byte -> org.hibernate.type.BasicTypeReference@261de205
2024-10-28T22:56:23.492-03:00 DEBUG 17164 --- [seguridad-calidad-back] [           main] org.hibernate.type.BasicTypeRegistry     : Adding type registration binary -> org.hibernate.type.BasicTypeReference@7f3fc42f
2024-10-28T22:56:23.492-03:00 DEBUG 17164 --- [seguridad-calidad-back] [           main] org.hibernate.type.BasicTypeRegistry     : Adding type registration byte[] -> org.hibernate.type.BasicTypeReference@7f3fc42f
2024-10-28T22:56:23.492-03:00 DEBUG 17164 --- [seguridad-calidad-back] [           main] org.hibernate.type.BasicTypeRegistry     : Adding type registration [B -> org.hibernate.type.BasicTypeReference@7f3fc42f
2024-10-28T22:56:23.493-03:00 DEBUG 17164 --- [seguridad-calidad-back] [           main] org.hibernate.type.BasicTypeRegistry     : Adding type registration binary_wrapper -> org.hibernate.type.BasicTypeReference@25a1a012
2024-10-28T22:56:23.493-03:00 DEBUG 17164 --- [seguridad-calidad-back] [           main] org.hibernate.type.BasicTypeRegistry     : Adding type registration wrapper-binary -> org.hibernate.type.BasicTypeReference@25a1a012
2024-10-28T22:56:23.493-03:00 DEBUG 17164 --- [seguridad-calidad-back] [           main] org.hibernate.type.BasicTypeRegistry     : Adding type registration image -> org.hibernate.type.BasicTypeReference@ce12fbb
2024-10-28T22:56:23.493-03:00 DEBUG 17164 --- [seguridad-calidad-back] [           main] org.hibernate.type.BasicTypeRegistry     : Adding type registration blob -> org.hibernate.type.BasicTypeReference@4525e9e8
2024-10-28T22:56:23.493-03:00 DEBUG 17164 --- [seguridad-calidad-back] [           main] org.hibernate.type.BasicTypeRegistry     : Adding type registration java.sql.Blob -> org.hibernate.type.BasicTypeReference@4525e9e8
2024-10-28T22:56:23.493-03:00 DEBUG 17164 --- [seguridad-calidad-back] [           main] org.hibernate.type.BasicTypeRegistry     : Adding type registration materialized_blob -> org.hibernate.type.BasicTypeReference@443a53df
2024-10-28T22:56:23.493-03:00 DEBUG 17164 --- [seguridad-calidad-back] [           main] org.hibernate.type.BasicTypeRegistry     : Adding type registration materialized_blob_wrapper -> org.hibernate.type.BasicTypeReference@6c33da7a
2024-10-28T22:56:23.493-03:00 DEBUG 17164 --- [seguridad-calidad-back] [           main] org.hibernate.type.BasicTypeRegistry     : Adding type registration short -> org.hibernate.type.BasicTypeReference@69aabcb0
2024-10-28T22:56:23.494-03:00 DEBUG 17164 --- [seguridad-calidad-back] [           main] org.hibernate.type.BasicTypeRegistry     : Adding type registration short -> org.hibernate.type.BasicTypeReference@69aabcb0
2024-10-28T22:56:23.494-03:00 DEBUG 17164 --- [seguridad-calidad-back] [           main] org.hibernate.type.BasicTypeRegistry     : Adding type registration java.lang.Short -> org.hibernate.type.BasicTypeReference@69aabcb0
2024-10-28T22:56:23.494-03:00 DEBUG 17164 --- [seguridad-calidad-back] [           main] org.hibernate.type.BasicTypeRegistry     : Adding type registration integer -> org.hibernate.type.BasicTypeReference@32a72c4
2024-10-28T22:56:23.494-03:00 DEBUG 17164 --- [seguridad-calidad-back] [           main] org.hibernate.type.BasicTypeRegistry     : Adding type registration int -> org.hibernate.type.BasicTypeReference@32a72c4
2024-10-28T22:56:23.494-03:00 DEBUG 17164 --- [seguridad-calidad-back] [           main] org.hibernate.type.BasicTypeRegistry     : Adding type registration java.lang.Integer -> org.hibernate.type.BasicTypeReference@32a72c4
2024-10-28T22:56:23.494-03:00 DEBUG 17164 --- [seguridad-calidad-back] [           main] org.hibernate.type.BasicTypeRegistry     : Adding type registration long -> org.hibernate.type.BasicTypeReference@15986dd5
2024-10-28T22:56:23.495-03:00 DEBUG 17164 --- [seguridad-calidad-back] [           main] org.hibernate.type.BasicTypeRegistry     : Adding type registration long -> org.hibernate.type.BasicTypeReference@15986dd5
2024-10-28T22:56:23.495-03:00 DEBUG 17164 --- [seguridad-calidad-back] [           main] org.hibernate.type.BasicTypeRegistry     : Adding type registration java.lang.Long -> org.hibernate.type.BasicTypeReference@15986dd5
2024-10-28T22:56:23.495-03:00 DEBUG 17164 --- [seguridad-calidad-back] [           main] org.hibernate.type.BasicTypeRegistry     : Adding type registration float -> org.hibernate.type.BasicTypeReference@678a9516
2024-10-28T22:56:23.495-03:00 DEBUG 17164 --- [seguridad-calidad-back] [           main] org.hibernate.type.BasicTypeRegistry     : Adding type registration float -> org.hibernate.type.BasicTypeReference@678a9516
2024-10-28T22:56:23.495-03:00 DEBUG 17164 --- [seguridad-calidad-back] [           main] org.hibernate.type.BasicTypeRegistry     : Adding type registration java.lang.Float -> org.hibernate.type.BasicTypeReference@678a9516
2024-10-28T22:56:23.495-03:00 DEBUG 17164 --- [seguridad-calidad-back] [           main] org.hibernate.type.BasicTypeRegistry     : Adding type registration double -> org.hibernate.type.BasicTypeReference@5bf9ea6b
2024-10-28T22:56:23.495-03:00 DEBUG 17164 --- [seguridad-calidad-back] [           main] org.hibernate.type.BasicTypeRegistry     : Adding type registration double -> org.hibernate.type.BasicTypeReference@5bf9ea6b
2024-10-28T22:56:23.495-03:00 DEBUG 17164 --- [seguridad-calidad-back] [           main] org.hibernate.type.BasicTypeRegistry     : Adding type registration java.lang.Double -> org.hibernate.type.BasicTypeReference@5bf9ea6b
2024-10-28T22:56:23.495-03:00 DEBUG 17164 --- [seguridad-calidad-back] [           main] org.hibernate.type.BasicTypeRegistry     : Adding type registration big_integer -> org.hibernate.type.BasicTypeReference@b950f82
2024-10-28T22:56:23.495-03:00 DEBUG 17164 --- [seguridad-calidad-back] [           main] org.hibernate.type.BasicTypeRegistry     : Adding type registration java.math.BigInteger -> org.hibernate.type.BasicTypeReference@b950f82
2024-10-28T22:56:23.496-03:00 DEBUG 17164 --- [seguridad-calidad-back] [           main] org.hibernate.type.BasicTypeRegistry     : Adding type registration big_decimal -> org.hibernate.type.BasicTypeReference@5d352de0
2024-10-28T22:56:23.496-03:00 DEBUG 17164 --- [seguridad-calidad-back] [           main] org.hibernate.type.BasicTypeRegistry     : Adding type registration java.math.BigDecimal -> org.hibernate.type.BasicTypeReference@5d352de0
2024-10-28T22:56:23.496-03:00 DEBUG 17164 --- [seguridad-calidad-back] [           main] org.hibernate.type.BasicTypeRegistry     : Adding type registration character -> org.hibernate.type.BasicTypeReference@6e243175
2024-10-28T22:56:23.496-03:00 DEBUG 17164 --- [seguridad-calidad-back] [           main] org.hibernate.type.BasicTypeRegistry     : Adding type registration char -> org.hibernate.type.BasicTypeReference@6e243175
2024-10-28T22:56:23.496-03:00 DEBUG 17164 --- [seguridad-calidad-back] [           main] org.hibernate.type.BasicTypeRegistry     : Adding type registration java.lang.Character -> org.hibernate.type.BasicTypeReference@6e243175
2024-10-28T22:56:23.496-03:00 DEBUG 17164 --- [seguridad-calidad-back] [           main] org.hibernate.type.BasicTypeRegistry     : Adding type registration character_nchar -> org.hibernate.type.BasicTypeReference@7a1a3468
2024-10-28T22:56:23.496-03:00 DEBUG 17164 --- [seguridad-calidad-back] [           main] org.hibernate.type.BasicTypeRegistry     : Adding type registration string -> org.hibernate.type.BasicTypeReference@59d0cdb6
2024-10-28T22:56:23.496-03:00 DEBUG 17164 --- [seguridad-calidad-back] [           main] org.hibernate.type.BasicTypeRegistry     : Adding type registration java.lang.String -> org.hibernate.type.BasicTypeReference@59d0cdb6
2024-10-28T22:56:23.496-03:00 DEBUG 17164 --- [seguridad-calidad-back] [           main] org.hibernate.type.BasicTypeRegistry     : Adding type registration nstring -> org.hibernate.type.BasicTypeReference@2dfeb141
2024-10-28T22:56:23.496-03:00 DEBUG 17164 --- [seguridad-calidad-back] [           main] org.hibernate.type.BasicTypeRegistry     : Adding type registration characters -> org.hibernate.type.BasicTypeReference@629e8212
2024-10-28T22:56:23.497-03:00 DEBUG 17164 --- [seguridad-calidad-back] [           main] org.hibernate.type.BasicTypeRegistry     : Adding type registration char[] -> org.hibernate.type.BasicTypeReference@629e8212
2024-10-28T22:56:23.497-03:00 DEBUG 17164 --- [seguridad-calidad-back] [           main] org.hibernate.type.BasicTypeRegistry     : Adding type registration [C -> org.hibernate.type.BasicTypeReference@629e8212
2024-10-28T22:56:23.497-03:00 DEBUG 17164 --- [seguridad-calidad-back] [           main] org.hibernate.type.BasicTypeRegistry     : Adding type registration wrapper-characters -> org.hibernate.type.BasicTypeReference@498c535d
2024-10-28T22:56:23.497-03:00 DEBUG 17164 --- [seguridad-calidad-back] [           main] org.hibernate.type.BasicTypeRegistry     : Adding type registration text -> org.hibernate.type.BasicTypeReference@16ee9aa7
2024-10-28T22:56:23.497-03:00 DEBUG 17164 --- [seguridad-calidad-back] [           main] org.hibernate.type.BasicTypeRegistry     : Adding type registration ntext -> org.hibernate.type.BasicTypeReference@4e424582
2024-10-28T22:56:23.497-03:00 DEBUG 17164 --- [seguridad-calidad-back] [           main] org.hibernate.type.BasicTypeRegistry     : Adding type registration clob -> org.hibernate.type.BasicTypeReference@58dad04a
2024-10-28T22:56:23.497-03:00 DEBUG 17164 --- [seguridad-calidad-back] [           main] org.hibernate.type.BasicTypeRegistry     : Adding type registration java.sql.Clob -> org.hibernate.type.BasicTypeReference@58dad04a
2024-10-28T22:56:23.497-03:00 DEBUG 17164 --- [seguridad-calidad-back] [           main] org.hibernate.type.BasicTypeRegistry     : Adding type registration nclob -> org.hibernate.type.BasicTypeReference@73e776b7
2024-10-28T22:56:23.497-03:00 DEBUG 17164 --- [seguridad-calidad-back] [           main] org.hibernate.type.BasicTypeRegistry     : Adding type registration java.sql.NClob -> org.hibernate.type.BasicTypeReference@73e776b7
2024-10-28T22:56:23.498-03:00 DEBUG 17164 --- [seguridad-calidad-back] [           main] org.hibernate.type.BasicTypeRegistry     : Adding type registration materialized_clob -> org.hibernate.type.BasicTypeReference@113ee1ce
2024-10-28T22:56:23.498-03:00 DEBUG 17164 --- [seguridad-calidad-back] [           main] org.hibernate.type.BasicTypeRegistry     : Adding type registration materialized_clob_char_array -> org.hibernate.type.BasicTypeReference@4d0cc83e
2024-10-28T22:56:23.498-03:00 DEBUG 17164 --- [seguridad-calidad-back] [           main] org.hibernate.type.BasicTypeRegistry     : Adding type registration materialized_clob_character_array -> org.hibernate.type.BasicTypeReference@43da0955
2024-10-28T22:56:23.498-03:00 DEBUG 17164 --- [seguridad-calidad-back] [           main] org.hibernate.type.BasicTypeRegistry     : Adding type registration materialized_nclob -> org.hibernate.type.BasicTypeReference@bc09d57
2024-10-28T22:56:23.498-03:00 DEBUG 17164 --- [seguridad-calidad-back] [           main] org.hibernate.type.BasicTypeRegistry     : Adding type registration materialized_nclob_character_array -> org.hibernate.type.BasicTypeReference@6d963d70
2024-10-28T22:56:23.498-03:00 DEBUG 17164 --- [seguridad-calidad-back] [           main] org.hibernate.type.BasicTypeRegistry     : Adding type registration materialized_nclob_char_array -> org.hibernate.type.BasicTypeReference@467045c4
2024-10-28T22:56:23.498-03:00 DEBUG 17164 --- [seguridad-calidad-back] [           main] org.hibernate.type.BasicTypeRegistry     : Adding type registration Duration -> org.hibernate.type.BasicTypeReference@55736cfe
2024-10-28T22:56:23.498-03:00 DEBUG 17164 --- [seguridad-calidad-back] [           main] org.hibernate.type.BasicTypeRegistry     : Adding type registration java.time.Duration -> org.hibernate.type.BasicTypeReference@55736cfe
2024-10-28T22:56:23.499-03:00 DEBUG 17164 --- [seguridad-calidad-back] [           main] org.hibernate.type.BasicTypeRegistry     : Adding type registration LocalDateTime -> org.hibernate.type.BasicTypeReference@5a566922
2024-10-28T22:56:23.499-03:00 DEBUG 17164 --- [seguridad-calidad-back] [           main] org.hibernate.type.BasicTypeRegistry     : Adding type registration java.time.LocalDateTime -> org.hibernate.type.BasicTypeReference@5a566922
2024-10-28T22:56:23.499-03:00 DEBUG 17164 --- [seguridad-calidad-back] [           main] org.hibernate.type.BasicTypeRegistry     : Adding type registration LocalDate -> org.hibernate.type.BasicTypeReference@6f7a2a5
2024-10-28T22:56:23.499-03:00 DEBUG 17164 --- [seguridad-calidad-back] [           main] org.hibernate.type.BasicTypeRegistry     : Adding type registration java.time.LocalDate -> org.hibernate.type.BasicTypeReference@6f7a2a5
2024-10-28T22:56:23.499-03:00 DEBUG 17164 --- [seguridad-calidad-back] [           main] org.hibernate.type.BasicTypeRegistry     : Adding type registration LocalTime -> org.hibernate.type.BasicTypeReference@42ed89da
2024-10-28T22:56:23.499-03:00 DEBUG 17164 --- [seguridad-calidad-back] [           main] org.hibernate.type.BasicTypeRegistry     : Adding type registration java.time.LocalTime -> org.hibernate.type.BasicTypeReference@42ed89da
2024-10-28T22:56:23.499-03:00 DEBUG 17164 --- [seguridad-calidad-back] [           main] org.hibernate.type.BasicTypeRegistry     : Adding type registration OffsetDateTime -> org.hibernate.type.BasicTypeReference@c3719e5
2024-10-28T22:56:23.499-03:00 DEBUG 17164 --- [seguridad-calidad-back] [           main] org.hibernate.type.BasicTypeRegistry     : Adding type registration java.time.OffsetDateTime -> org.hibernate.type.BasicTypeReference@c3719e5
2024-10-28T22:56:23.499-03:00 DEBUG 17164 --- [seguridad-calidad-back] [           main] org.hibernate.type.BasicTypeRegistry     : Adding type registration OffsetDateTimeWithTimezone -> org.hibernate.type.BasicTypeReference@65c17e38
2024-10-28T22:56:23.500-03:00 DEBUG 17164 --- [seguridad-calidad-back] [           main] org.hibernate.type.BasicTypeRegistry     : Adding type registration OffsetDateTimeWithoutTimezone -> org.hibernate.type.BasicTypeReference@5e180aaf
2024-10-28T22:56:23.500-03:00 DEBUG 17164 --- [seguridad-calidad-back] [           main] org.hibernate.type.BasicTypeRegistry     : Adding type registration OffsetTime -> org.hibernate.type.BasicTypeReference@7015ebef
2024-10-28T22:56:23.500-03:00 DEBUG 17164 --- [seguridad-calidad-back] [           main] org.hibernate.type.BasicTypeRegistry     : Adding type registration java.time.OffsetTime -> org.hibernate.type.BasicTypeReference@7015ebef
2024-10-28T22:56:23.500-03:00 DEBUG 17164 --- [seguridad-calidad-back] [           main] org.hibernate.type.BasicTypeRegistry     : Adding type registration OffsetTimeUtc -> org.hibernate.type.BasicTypeReference@44592c39
2024-10-28T22:56:23.500-03:00 DEBUG 17164 --- [seguridad-calidad-back] [           main] org.hibernate.type.BasicTypeRegistry     : Adding type registration OffsetTimeWithTimezone -> org.hibernate.type.BasicTypeReference@2a87ba34
2024-10-28T22:56:23.500-03:00 DEBUG 17164 --- [seguridad-calidad-back] [           main] org.hibernate.type.BasicTypeRegistry     : Adding type registration OffsetTimeWithoutTimezone -> org.hibernate.type.BasicTypeReference@34d480b9
2024-10-28T22:56:23.500-03:00 DEBUG 17164 --- [seguridad-calidad-back] [           main] org.hibernate.type.BasicTypeRegistry     : Adding type registration ZonedDateTime -> org.hibernate.type.BasicTypeReference@6b415f5f
2024-10-28T22:56:23.500-03:00 DEBUG 17164 --- [seguridad-calidad-back] [           main] org.hibernate.type.BasicTypeRegistry     : Adding type registration java.time.ZonedDateTime -> org.hibernate.type.BasicTypeReference@6b415f5f
2024-10-28T22:56:23.500-03:00 DEBUG 17164 --- [seguridad-calidad-back] [           main] org.hibernate.type.BasicTypeRegistry     : Adding type registration ZonedDateTimeWithTimezone -> org.hibernate.type.BasicTypeReference@66749eea
2024-10-28T22:56:23.500-03:00 DEBUG 17164 --- [seguridad-calidad-back] [           main] org.hibernate.type.BasicTypeRegistry     : Adding type registration ZonedDateTimeWithoutTimezone -> org.hibernate.type.BasicTypeReference@7135ce0a
2024-10-28T22:56:23.501-03:00 DEBUG 17164 --- [seguridad-calidad-back] [           main] org.hibernate.type.BasicTypeRegistry     : Adding type registration date -> org.hibernate.type.BasicTypeReference@617449dd
2024-10-28T22:56:23.501-03:00 DEBUG 17164 --- [seguridad-calidad-back] [           main] org.hibernate.type.BasicTypeRegistry     : Adding type registration java.sql.Date -> org.hibernate.type.BasicTypeReference@617449dd
2024-10-28T22:56:23.501-03:00 DEBUG 17164 --- [seguridad-calidad-back] [           main] org.hibernate.type.BasicTypeRegistry     : Adding type registration time -> org.hibernate.type.BasicTypeReference@2e590b
2024-10-28T22:56:23.501-03:00 DEBUG 17164 --- [seguridad-calidad-back] [           main] org.hibernate.type.BasicTypeRegistry     : Adding type registration java.sql.Time -> org.hibernate.type.BasicTypeReference@2e590b
2024-10-28T22:56:23.501-03:00 DEBUG 17164 --- [seguridad-calidad-back] [           main] org.hibernate.type.BasicTypeRegistry     : Adding type registration timestamp -> org.hibernate.type.BasicTypeReference@42ef042a
2024-10-28T22:56:23.501-03:00 DEBUG 17164 --- [seguridad-calidad-back] [           main] org.hibernate.type.BasicTypeRegistry     : Adding type registration java.sql.Timestamp -> org.hibernate.type.BasicTypeReference@42ef042a
2024-10-28T22:56:23.501-03:00 DEBUG 17164 --- [seguridad-calidad-back] [           main] org.hibernate.type.BasicTypeRegistry     : Adding type registration java.util.Date -> org.hibernate.type.BasicTypeReference@42ef042a
2024-10-28T22:56:23.501-03:00 DEBUG 17164 --- [seguridad-calidad-back] [           main] org.hibernate.type.BasicTypeRegistry     : Adding type registration calendar -> org.hibernate.type.BasicTypeReference@1df5c7e3
2024-10-28T22:56:23.501-03:00 DEBUG 17164 --- [seguridad-calidad-back] [           main] org.hibernate.type.BasicTypeRegistry     : Adding type registration java.util.Calendar -> org.hibernate.type.BasicTypeReference@1df5c7e3
2024-10-28T22:56:23.502-03:00 DEBUG 17164 --- [seguridad-calidad-back] [           main] org.hibernate.type.BasicTypeRegistry     : Adding type registration java.util.GregorianCalendar -> org.hibernate.type.BasicTypeReference@1df5c7e3
2024-10-28T22:56:23.502-03:00 DEBUG 17164 --- [seguridad-calidad-back] [           main] org.hibernate.type.BasicTypeRegistry     : Adding type registration calendar_date -> org.hibernate.type.BasicTypeReference@5e0c4f21
2024-10-28T22:56:23.502-03:00 DEBUG 17164 --- [seguridad-calidad-back] [           main] org.hibernate.type.BasicTypeRegistry     : Adding type registration calendar_time -> org.hibernate.type.BasicTypeReference@2c18a3ea
2024-10-28T22:56:23.502-03:00 DEBUG 17164 --- [seguridad-calidad-back] [           main] org.hibernate.type.BasicTypeRegistry     : Adding type registration instant -> org.hibernate.type.BasicTypeReference@166c2c17
2024-10-28T22:56:23.502-03:00 DEBUG 17164 --- [seguridad-calidad-back] [           main] org.hibernate.type.BasicTypeRegistry     : Adding type registration java.time.Instant -> org.hibernate.type.BasicTypeReference@166c2c17
2024-10-28T22:56:23.502-03:00 DEBUG 17164 --- [seguridad-calidad-back] [           main] org.hibernate.type.BasicTypeRegistry     : Adding type registration uuid -> org.hibernate.type.BasicTypeReference@25953be6
2024-10-28T22:56:23.503-03:00 DEBUG 17164 --- [seguridad-calidad-back] [           main] org.hibernate.type.BasicTypeRegistry     : Adding type registration java.util.UUID -> org.hibernate.type.BasicTypeReference@25953be6
2024-10-28T22:56:23.503-03:00 DEBUG 17164 --- [seguridad-calidad-back] [           main] org.hibernate.type.BasicTypeRegistry     : Adding type registration pg-uuid -> org.hibernate.type.BasicTypeReference@25953be6
2024-10-28T22:56:23.503-03:00 DEBUG 17164 --- [seguridad-calidad-back] [           main] org.hibernate.type.BasicTypeRegistry     : Adding type registration uuid-binary -> org.hibernate.type.BasicTypeReference@19dc0d32
2024-10-28T22:56:23.503-03:00 DEBUG 17164 --- [seguridad-calidad-back] [           main] org.hibernate.type.BasicTypeRegistry     : Adding type registration uuid-char -> org.hibernate.type.BasicTypeReference@70b2fa10
2024-10-28T22:56:23.503-03:00 DEBUG 17164 --- [seguridad-calidad-back] [           main] org.hibernate.type.BasicTypeRegistry     : Adding type registration class -> org.hibernate.type.BasicTypeReference@7c96c85
2024-10-28T22:56:23.503-03:00 DEBUG 17164 --- [seguridad-calidad-back] [           main] org.hibernate.type.BasicTypeRegistry     : Adding type registration java.lang.Class -> org.hibernate.type.BasicTypeReference@7c96c85
2024-10-28T22:56:23.503-03:00 DEBUG 17164 --- [seguridad-calidad-back] [           main] org.hibernate.type.BasicTypeRegistry     : Adding type registration currency -> org.hibernate.type.BasicTypeReference@b0f2d91
2024-10-28T22:56:23.504-03:00 DEBUG 17164 --- [seguridad-calidad-back] [           main] org.hibernate.type.BasicTypeRegistry     : Adding type registration Currency -> org.hibernate.type.BasicTypeReference@b0f2d91
2024-10-28T22:56:23.504-03:00 DEBUG 17164 --- [seguridad-calidad-back] [           main] org.hibernate.type.BasicTypeRegistry     : Adding type registration java.util.Currency -> org.hibernate.type.BasicTypeReference@b0f2d91
2024-10-28T22:56:23.504-03:00 DEBUG 17164 --- [seguridad-calidad-back] [           main] org.hibernate.type.BasicTypeRegistry     : Adding type registration locale -> org.hibernate.type.BasicTypeReference@15c6027d
2024-10-28T22:56:23.504-03:00 DEBUG 17164 --- [seguridad-calidad-back] [           main] org.hibernate.type.BasicTypeRegistry     : Adding type registration java.util.Locale -> org.hibernate.type.BasicTypeReference@15c6027d
2024-10-28T22:56:23.505-03:00 DEBUG 17164 --- [seguridad-calidad-back] [           main] org.hibernate.type.BasicTypeRegistry     : Adding type registration serializable -> org.hibernate.type.BasicTypeReference@5927f904
2024-10-28T22:56:23.505-03:00 DEBUG 17164 --- [seguridad-calidad-back] [           main] org.hibernate.type.BasicTypeRegistry     : Adding type registration java.io.Serializable -> org.hibernate.type.BasicTypeReference@5927f904
2024-10-28T22:56:23.505-03:00 DEBUG 17164 --- [seguridad-calidad-back] [           main] org.hibernate.type.BasicTypeRegistry     : Adding type registration timezone -> org.hibernate.type.BasicTypeReference@2bb62414
2024-10-28T22:56:23.505-03:00 DEBUG 17164 --- [seguridad-calidad-back] [           main] org.hibernate.type.BasicTypeRegistry     : Adding type registration java.util.TimeZone -> org.hibernate.type.BasicTypeReference@2bb62414
2024-10-28T22:56:23.505-03:00 DEBUG 17164 --- [seguridad-calidad-back] [           main] org.hibernate.type.BasicTypeRegistry     : Adding type registration ZoneOffset -> org.hibernate.type.BasicTypeReference@413d2cd1
2024-10-28T22:56:23.505-03:00 DEBUG 17164 --- [seguridad-calidad-back] [           main] org.hibernate.type.BasicTypeRegistry     : Adding type registration java.time.ZoneOffset -> org.hibernate.type.BasicTypeReference@413d2cd1
2024-10-28T22:56:23.505-03:00 DEBUG 17164 --- [seguridad-calidad-back] [           main] org.hibernate.type.BasicTypeRegistry     : Adding type registration url -> org.hibernate.type.BasicTypeReference@644d1b61
2024-10-28T22:56:23.505-03:00 DEBUG 17164 --- [seguridad-calidad-back] [           main] org.hibernate.type.BasicTypeRegistry     : Adding type registration java.net.URL -> org.hibernate.type.BasicTypeReference@644d1b61
2024-10-28T22:56:23.505-03:00 DEBUG 17164 --- [seguridad-calidad-back] [           main] org.hibernate.type.BasicTypeRegistry     : Adding type registration vector -> org.hibernate.type.BasicTypeReference@2443135
2024-10-28T22:56:23.505-03:00 DEBUG 17164 --- [seguridad-calidad-back] [           main] org.hibernate.type.BasicTypeRegistry     : Adding type registration row_version -> org.hibernate.type.BasicTypeReference@184823ed
2024-10-28T22:56:23.509-03:00 DEBUG 17164 --- [seguridad-calidad-back] [           main] org.hibernate.type.BasicTypeRegistry     : Adding type registration object -> org.hibernate.type.JavaObjectType@1ab14636
2024-10-28T22:56:23.510-03:00 DEBUG 17164 --- [seguridad-calidad-back] [           main] org.hibernate.type.BasicTypeRegistry     : Adding type registration java.lang.Object -> org.hibernate.type.JavaObjectType@1ab14636
2024-10-28T22:56:23.511-03:00 DEBUG 17164 --- [seguridad-calidad-back] [           main] org.hibernate.type.BasicTypeRegistry     : Adding type registration null -> org.hibernate.type.NullType@7a65a360
2024-10-28T22:56:23.511-03:00 DEBUG 17164 --- [seguridad-calidad-back] [           main] org.hibernate.type.BasicTypeRegistry     : Adding type registration imm_date -> org.hibernate.type.BasicTypeReference@30a7653e
2024-10-28T22:56:23.512-03:00 DEBUG 17164 --- [seguridad-calidad-back] [           main] org.hibernate.type.BasicTypeRegistry     : Adding type registration imm_time -> org.hibernate.type.BasicTypeReference@7cff3f1d
2024-10-28T22:56:23.512-03:00 DEBUG 17164 --- [seguridad-calidad-back] [           main] org.hibernate.type.BasicTypeRegistry     : Adding type registration imm_timestamp -> org.hibernate.type.BasicTypeReference@6401188a
2024-10-28T22:56:23.512-03:00 DEBUG 17164 --- [seguridad-calidad-back] [           main] org.hibernate.type.BasicTypeRegistry     : Adding type registration imm_calendar -> org.hibernate.type.BasicTypeReference@33a8c9c9
2024-10-28T22:56:23.512-03:00 DEBUG 17164 --- [seguridad-calidad-back] [           main] org.hibernate.type.BasicTypeRegistry     : Adding type registration imm_calendar_date -> org.hibernate.type.BasicTypeReference@382dc417
2024-10-28T22:56:23.512-03:00 DEBUG 17164 --- [seguridad-calidad-back] [           main] org.hibernate.type.BasicTypeRegistry     : Adding type registration imm_calendar_time -> org.hibernate.type.BasicTypeReference@3daf03d8
2024-10-28T22:56:23.512-03:00 DEBUG 17164 --- [seguridad-calidad-back] [           main] org.hibernate.type.BasicTypeRegistry     : Adding type registration imm_binary -> org.hibernate.type.BasicTypeReference@510689af
2024-10-28T22:56:23.512-03:00 DEBUG 17164 --- [seguridad-calidad-back] [           main] org.hibernate.type.BasicTypeRegistry     : Adding type registration imm_serializable -> org.hibernate.type.BasicTypeReference@2415e4c7
2024-10-28T22:56:23.516-03:00 DEBUG 17164 --- [seguridad-calidad-back] [           main] o.h.boot.internal.BootstrapContextImpl   : Injecting JPA temp ClassLoader [org.springframework.instrument.classloading.SimpleThrowawayClassLoader@622d7e4] into BootstrapContext; was [null]
2024-10-28T22:56:23.517-03:00 DEBUG 17164 --- [seguridad-calidad-back] [           main] o.h.boot.internal.ClassLoaderAccessImpl  : ClassLoaderAccessImpl#injectTempClassLoader(org.springframework.instrument.classloading.SimpleThrowawayClassLoader@622d7e4) [was null]
2024-10-28T22:56:23.517-03:00 DEBUG 17164 --- [seguridad-calidad-back] [           main] o.h.boot.internal.BootstrapContextImpl   : Injecting ScanEnvironment [org.hibernate.jpa.boot.internal.StandardJpaScanEnvironmentImpl@1213ffbc] into BootstrapContext; was [null]
2024-10-28T22:56:23.518-03:00 DEBUG 17164 --- [seguridad-calidad-back] [           main] o.h.boot.internal.BootstrapContextImpl   : Injecting ScanOptions [org.hibernate.boot.archive.scan.internal.StandardScanOptions@68a305eb] into BootstrapContext; was [org.hibernate.boot.archive.scan.internal.StandardScanOptions@6637a365]
2024-10-28T22:56:23.817-03:00  INFO 17164 --- [seguridad-calidad-back] [           main] o.s.o.j.p.SpringPersistenceUnitInfo      : No LoadTimeWeaver setup: ignoring JPA class transformer
2024-10-28T22:56:23.818-03:00 DEBUG 17164 --- [seguridad-calidad-back] [           main] o.h.boot.internal.BootstrapContextImpl   : Injecting JPA temp ClassLoader [null] into BootstrapContext; was [org.springframework.instrument.classloading.SimpleThrowawayClassLoader@622d7e4]
2024-10-28T22:56:23.818-03:00 DEBUG 17164 --- [seguridad-calidad-back] [           main] o.h.boot.internal.ClassLoaderAccessImpl  : ClassLoaderAccessImpl#injectTempClassLoader(null) [was org.springframework.instrument.classloading.SimpleThrowawayClassLoader@622d7e4]
2024-10-28T22:56:23.850-03:00 DEBUG 17164 --- [seguridad-calidad-back] [           main] com.zaxxer.hikari.HikariConfig           : HikariPool-1 - configuration:
2024-10-28T22:56:23.855-03:00 DEBUG 17164 --- [seguridad-calidad-back] [           main] com.zaxxer.hikari.HikariConfig           : allowPoolSuspension.............false
2024-10-28T22:56:23.855-03:00 DEBUG 17164 --- [seguridad-calidad-back] [           main] com.zaxxer.hikari.HikariConfig           : autoCommit......................true
2024-10-28T22:56:23.856-03:00 DEBUG 17164 --- [seguridad-calidad-back] [           main] com.zaxxer.hikari.HikariConfig           : catalog.........................none
2024-10-28T22:56:23.856-03:00 DEBUG 17164 --- [seguridad-calidad-back] [           main] com.zaxxer.hikari.HikariConfig           : connectionInitSql...............none
2024-10-28T22:56:23.856-03:00 DEBUG 17164 --- [seguridad-calidad-back] [           main] com.zaxxer.hikari.HikariConfig           : connectionTestQuery.............none
2024-10-28T22:56:23.857-03:00 DEBUG 17164 --- [seguridad-calidad-back] [           main] com.zaxxer.hikari.HikariConfig           : connectionTimeout...............30000
2024-10-28T22:56:23.858-03:00 DEBUG 17164 --- [seguridad-calidad-back] [           main] com.zaxxer.hikari.HikariConfig           : dataSource......................none
2024-10-28T22:56:23.858-03:00 DEBUG 17164 --- [seguridad-calidad-back] [           main] com.zaxxer.hikari.HikariConfig           : dataSourceClassName.............none
2024-10-28T22:56:23.858-03:00 DEBUG 17164 --- [seguridad-calidad-back] [           main] com.zaxxer.hikari.HikariConfig           : dataSourceJNDI..................none
2024-10-28T22:56:23.859-03:00 DEBUG 17164 --- [seguridad-calidad-back] [           main] com.zaxxer.hikari.HikariConfig           : dataSourceProperties............{password=<masked>}
2024-10-28T22:56:23.859-03:00 DEBUG 17164 --- [seguridad-calidad-back] [           main] com.zaxxer.hikari.HikariConfig           : driverClassName................."com.mysql.cj.jdbc.Driver"
2024-10-28T22:56:23.859-03:00 DEBUG 17164 --- [seguridad-calidad-back] [           main] com.zaxxer.hikari.HikariConfig           : exceptionOverrideClassName......none
2024-10-28T22:56:23.860-03:00 DEBUG 17164 --- [seguridad-calidad-back] [           main] com.zaxxer.hikari.HikariConfig           : healthCheckProperties...........{}
2024-10-28T22:56:23.860-03:00 DEBUG 17164 --- [seguridad-calidad-back] [           main] com.zaxxer.hikari.HikariConfig           : healthCheckRegistry.............none
2024-10-28T22:56:23.860-03:00 DEBUG 17164 --- [seguridad-calidad-back] [           main] com.zaxxer.hikari.HikariConfig           : idleTimeout.....................600000
2024-10-28T22:56:23.860-03:00 DEBUG 17164 --- [seguridad-calidad-back] [           main] com.zaxxer.hikari.HikariConfig           : initializationFailTimeout.......1
2024-10-28T22:56:23.860-03:00 DEBUG 17164 --- [seguridad-calidad-back] [           main] com.zaxxer.hikari.HikariConfig           : isolateInternalQueries..........false
2024-10-28T22:56:23.861-03:00 DEBUG 17164 --- [seguridad-calidad-back] [           main] com.zaxxer.hikari.HikariConfig           : jdbcUrl.........................jdbc:mysql://localhost:3306/seguridadcalidad
2024-10-28T22:56:23.861-03:00 DEBUG 17164 --- [seguridad-calidad-back] [           main] com.zaxxer.hikari.HikariConfig           : keepaliveTime...................0
2024-10-28T22:56:23.861-03:00 DEBUG 17164 --- [seguridad-calidad-back] [           main] com.zaxxer.hikari.HikariConfig           : leakDetectionThreshold..........0
2024-10-28T22:56:23.861-03:00 DEBUG 17164 --- [seguridad-calidad-back] [           main] com.zaxxer.hikari.HikariConfig           : maxLifetime.....................1800000
2024-10-28T22:56:23.861-03:00 DEBUG 17164 --- [seguridad-calidad-back] [           main] com.zaxxer.hikari.HikariConfig           : maximumPoolSize.................10
2024-10-28T22:56:23.861-03:00 DEBUG 17164 --- [seguridad-calidad-back] [           main] com.zaxxer.hikari.HikariConfig           : metricRegistry..................none
2024-10-28T22:56:23.862-03:00 DEBUG 17164 --- [seguridad-calidad-back] [           main] com.zaxxer.hikari.HikariConfig           : metricsTrackerFactory...........none
2024-10-28T22:56:23.862-03:00 DEBUG 17164 --- [seguridad-calidad-back] [           main] com.zaxxer.hikari.HikariConfig           : minimumIdle.....................10
2024-10-28T22:56:23.862-03:00 DEBUG 17164 --- [seguridad-calidad-back] [           main] com.zaxxer.hikari.HikariConfig           : password........................<masked>
2024-10-28T22:56:23.862-03:00 DEBUG 17164 --- [seguridad-calidad-back] [           main] com.zaxxer.hikari.HikariConfig           : poolName........................"HikariPool-1"
2024-10-28T22:56:23.862-03:00 DEBUG 17164 --- [seguridad-calidad-back] [           main] com.zaxxer.hikari.HikariConfig           : readOnly........................false
2024-10-28T22:56:23.862-03:00 DEBUG 17164 --- [seguridad-calidad-back] [           main] com.zaxxer.hikari.HikariConfig           : registerMbeans..................false
2024-10-28T22:56:23.862-03:00 DEBUG 17164 --- [seguridad-calidad-back] [           main] com.zaxxer.hikari.HikariConfig           : scheduledExecutor...............none
2024-10-28T22:56:23.862-03:00 DEBUG 17164 --- [seguridad-calidad-back] [           main] com.zaxxer.hikari.HikariConfig           : schema..........................none
2024-10-28T22:56:23.862-03:00 DEBUG 17164 --- [seguridad-calidad-back] [           main] com.zaxxer.hikari.HikariConfig           : threadFactory...................internal
2024-10-28T22:56:23.863-03:00 DEBUG 17164 --- [seguridad-calidad-back] [           main] com.zaxxer.hikari.HikariConfig           : transactionIsolation............default
2024-10-28T22:56:23.863-03:00 DEBUG 17164 --- [seguridad-calidad-back] [           main] com.zaxxer.hikari.HikariConfig           : username........................"myuser"
2024-10-28T22:56:23.863-03:00 DEBUG 17164 --- [seguridad-calidad-back] [           main] com.zaxxer.hikari.HikariConfig           : validationTimeout...............5000
2024-10-28T22:56:23.863-03:00  INFO 17164 --- [seguridad-calidad-back] [           main] com.zaxxer.hikari.HikariDataSource       : HikariPool-1 - Starting...
2024-10-28T22:56:24.260-03:00 DEBUG 17164 --- [seguridad-calidad-back] [           main] jdk.event.security                       : X509Certificate: Alg:SHA256withRSA, Serial:2, Subject:CN=MySQL_Server_9.1.0_Auto_Generated_Server_Certificate, Issuer:CN=MySQL_Server_9.1.0_Auto_Generated_CA_Certificate, Key type:RSA, Length:2048, Cert Id:2287201279, Valid from:28-10-24, 00:15, Valid until:26-10-34, 00:15
2024-10-28T22:56:24.261-03:00 DEBUG 17164 --- [seguridad-calidad-back] [           main] jdk.event.security                       : X509Certificate: Alg:SHA256withRSA, Serial:1, Subject:CN=MySQL_Server_9.1.0_Auto_Generated_CA_Certificate, Issuer:CN=MySQL_Server_9.1.0_Auto_Generated_CA_Certificate, Key type:RSA, Length:2048, Cert Id:1007117164, Valid from:28-10-24, 00:15, Valid until:26-10-34, 00:15
2024-10-28T22:56:24.275-03:00 DEBUG 17164 --- [seguridad-calidad-back] [           main] jdk.event.security                       :  TLSHandshake: localhost:3306, TLSv1.3, TLS_AES_256_GCM_SHA384, 2287201279
2024-10-28T22:56:24.387-03:00  INFO 17164 --- [seguridad-calidad-back] [           main] com.zaxxer.hikari.pool.HikariPool        : HikariPool-1 - Added connection com.mysql.cj.jdbc.ConnectionImpl@8af1c49
2024-10-28T22:56:24.390-03:00  INFO 17164 --- [seguridad-calidad-back] [           main] com.zaxxer.hikari.HikariDataSource       : HikariPool-1 - Start completed.
2024-10-28T22:56:24.398-03:00 DEBUG 17164 --- [seguridad-calidad-back] [           main] o.h.e.j.e.i.JdbcEnvironmentInitiator     : Database ->
	   name : MySQL
	version : 9.1.0
	  major : 9
	  minor : 1
2024-10-28T22:56:24.399-03:00 DEBUG 17164 --- [seguridad-calidad-back] [           main] o.h.e.j.e.i.JdbcEnvironmentInitiator     : Driver ->
	   name : MySQL Connector/J
	version : mysql-connector-j-8.3.0 (Revision: 805f872a57875f311cb82487efcfb070411a3fa0)
	  major : 8
	  minor : 3
2024-10-28T22:56:24.399-03:00 DEBUG 17164 --- [seguridad-calidad-back] [           main] o.h.e.j.e.i.JdbcEnvironmentInitiator     : JDBC version : 4.2
2024-10-28T22:56:24.465-03:00  WARN 17164 --- [seguridad-calidad-back] [           main] org.hibernate.orm.deprecation            : HHH90000025: MySQLDialect does not need to be specified explicitly using 'hibernate.dialect' (remove the property setting and it will be selected by default)
2024-10-28T22:56:24.467-03:00 DEBUG 17164 --- [seguridad-calidad-back] [           main] org.hibernate.orm.dialect                : HHH035001: Using dialect: org.hibernate.dialect.MySQLDialect, version: 9.1
2024-10-28T22:56:24.471-03:00 DEBUG 17164 --- [seguridad-calidad-back] [           main] o.h.e.j.env.spi.IdentifierHelperBuilder  : JDBC driver metadata reported database stores quoted identifiers in more than one case
2024-10-28T22:56:24.471-03:00 DEBUG 17164 --- [seguridad-calidad-back] [           main] o.h.e.j.env.spi.IdentifierHelperBuilder  : IdentifierCaseStrategy for both quoted and unquoted identifiers was set to the same strategy [MIXED]; that will likely lead to problems in schema update and validation if using quoted identifiers
2024-10-28T22:56:24.497-03:00 DEBUG 17164 --- [seguridad-calidad-back] [           main] o.h.t.d.sql.spi.DdlTypeRegistry          : addDescriptor(12, org.hibernate.type.descriptor.sql.internal.CapacityDependentDdlType@154864f8) replaced previous registration(org.hibernate.type.descriptor.sql.internal.CapacityDependentDdlType@11cadb32)
2024-10-28T22:56:24.497-03:00 DEBUG 17164 --- [seguridad-calidad-back] [           main] o.h.t.d.sql.spi.DdlTypeRegistry          : addDescriptor(-9, org.hibernate.type.descriptor.sql.internal.CapacityDependentDdlType@6d3ad37a) replaced previous registration(org.hibernate.type.descriptor.sql.internal.CapacityDependentDdlType@26f5e45d)
2024-10-28T22:56:24.497-03:00 DEBUG 17164 --- [seguridad-calidad-back] [           main] o.h.t.d.sql.spi.DdlTypeRegistry          : addDescriptor(-3, org.hibernate.type.descriptor.sql.internal.CapacityDependentDdlType@704c3bdf) replaced previous registration(org.hibernate.type.descriptor.sql.internal.CapacityDependentDdlType@37986daf)
2024-10-28T22:56:24.497-03:00 DEBUG 17164 --- [seguridad-calidad-back] [           main] o.h.t.d.sql.spi.DdlTypeRegistry          : addDescriptor(4003, org.hibernate.type.descriptor.sql.internal.DdlTypeImpl@c82d925) replaced previous registration(org.hibernate.type.descriptor.sql.internal.DdlTypeImpl@55c03e4)
2024-10-28T22:56:24.497-03:00 DEBUG 17164 --- [seguridad-calidad-back] [           main] o.h.t.d.sql.spi.DdlTypeRegistry          : addDescriptor(4001, org.hibernate.type.descriptor.sql.internal.DdlTypeImpl@14df5253) replaced previous registration(org.hibernate.type.descriptor.sql.internal.DdlTypeImpl@605eb072)
2024-10-28T22:56:24.497-03:00 DEBUG 17164 --- [seguridad-calidad-back] [           main] o.h.t.d.sql.spi.DdlTypeRegistry          : addDescriptor(4002, org.hibernate.type.descriptor.sql.internal.DdlTypeImpl@7a0f06ad) replaced previous registration(org.hibernate.type.descriptor.sql.internal.DdlTypeImpl@1fa9692b)
2024-10-28T22:56:24.497-03:00 DEBUG 17164 --- [seguridad-calidad-back] [           main] o.h.t.d.sql.spi.DdlTypeRegistry          : addDescriptor(2004, org.hibernate.type.descriptor.sql.internal.CapacityDependentDdlType@710afd47) replaced previous registration(org.hibernate.type.descriptor.sql.internal.DdlTypeImpl@64420e34)
2024-10-28T22:56:24.498-03:00 DEBUG 17164 --- [seguridad-calidad-back] [           main] o.h.t.d.sql.spi.DdlTypeRegistry          : addDescriptor(2005, org.hibernate.type.descriptor.sql.internal.CapacityDependentDdlType@667a467f) replaced previous registration(org.hibernate.type.descriptor.sql.internal.DdlTypeImpl@324e8baa)
2024-10-28T22:56:24.498-03:00 DEBUG 17164 --- [seguridad-calidad-back] [           main] o.h.t.d.sql.spi.DdlTypeRegistry          : addDescriptor(2011, org.hibernate.type.descriptor.sql.internal.CapacityDependentDdlType@1488a861) replaced previous registration(org.hibernate.type.descriptor.sql.internal.DdlTypeImpl@604f376a)
2024-10-28T22:56:24.500-03:00 DEBUG 17164 --- [seguridad-calidad-back] [           main] o.h.t.d.jdbc.spi.JdbcTypeRegistry        : addDescriptor(NCharTypeDescriptor) replaced previous registration(CharTypeDescriptor)
2024-10-28T22:56:24.500-03:00 DEBUG 17164 --- [seguridad-calidad-back] [           main] o.h.t.d.jdbc.spi.JdbcTypeRegistry        : addDescriptor(NVarcharTypeDescriptor) replaced previous registration(VarcharTypeDescriptor)
2024-10-28T22:56:24.501-03:00 DEBUG 17164 --- [seguridad-calidad-back] [           main] o.h.t.d.jdbc.spi.JdbcTypeRegistry        : addDescriptor(LongNVarcharTypeDescriptor) replaced previous registration(LongVarcharTypeDescriptor)
2024-10-28T22:56:24.503-03:00 DEBUG 17164 --- [seguridad-calidad-back] [           main] o.h.t.d.jdbc.spi.JdbcTypeRegistry        : addDescriptor(NClobTypeDescriptor(DEFAULT)) replaced previous registration(ClobTypeDescriptor(DEFAULT))
2024-10-28T22:56:24.503-03:00 DEBUG 17164 --- [seguridad-calidad-back] [l-1 housekeeper] com.zaxxer.hikari.pool.HikariPool        : HikariPool-1 - Pool stats (total=1, active=0, idle=1, waiting=0)
2024-10-28T22:56:24.503-03:00 DEBUG 17164 --- [seguridad-calidad-back] [           main] o.h.t.d.jdbc.spi.JdbcTypeRegistry        : addDescriptor(2005, ClobTypeDescriptor(STREAM_BINDING)) replaced previous registration(ClobTypeDescriptor(DEFAULT))
2024-10-28T22:56:24.510-03:00 DEBUG 17164 --- [seguridad-calidad-back] [           main] org.hibernate.type.BasicTypeRegistry     : Adding type registration null -> org.hibernate.type.NullType@35e689a0
2024-10-28T22:56:24.510-03:00 DEBUG 17164 --- [seguridad-calidad-back] [           main] org.hibernate.type.BasicTypeRegistry     : Type registration key [null] overrode previous entry : `org.hibernate.type.NullType@7a65a360`
2024-10-28T22:56:24.518-03:00 DEBUG 17164 --- [seguridad-calidad-back] [           main] org.hibernate.type.BasicTypeRegistry     : Adding type registration org.hibernate.type.DurationType -> basicType@1(java.time.Duration,3015)
2024-10-28T22:56:24.518-03:00 DEBUG 17164 --- [seguridad-calidad-back] [           main] org.hibernate.type.BasicTypeRegistry     : Adding type registration Duration -> basicType@1(java.time.Duration,3015)
2024-10-28T22:56:24.519-03:00 DEBUG 17164 --- [seguridad-calidad-back] [           main] org.hibernate.type.BasicTypeRegistry     : Adding type registration java.time.Duration -> basicType@1(java.time.Duration,3015)
2024-10-28T22:56:24.524-03:00 DEBUG 17164 --- [seguridad-calidad-back] [onnection adder] jdk.event.security                       : X509Certificate: Alg:SHA256withRSA, Serial:2, Subject:CN=MySQL_Server_9.1.0_Auto_Generated_Server_Certificate, Issuer:CN=MySQL_Server_9.1.0_Auto_Generated_CA_Certificate, Key type:RSA, Length:2048, Cert Id:2287201279, Valid from:28-10-24, 00:15, Valid until:26-10-34, 00:15
2024-10-28T22:56:24.525-03:00 DEBUG 17164 --- [seguridad-calidad-back] [onnection adder] jdk.event.security                       : X509Certificate: Alg:SHA256withRSA, Serial:1, Subject:CN=MySQL_Server_9.1.0_Auto_Generated_CA_Certificate, Issuer:CN=MySQL_Server_9.1.0_Auto_Generated_CA_Certificate, Key type:RSA, Length:2048, Cert Id:1007117164, Valid from:28-10-24, 00:15, Valid until:26-10-34, 00:15
2024-10-28T22:56:24.526-03:00 DEBUG 17164 --- [seguridad-calidad-back] [           main] org.hibernate.type.BasicTypeRegistry     : Adding type registration org.hibernate.type.OffsetDateTimeType -> basicType@2(java.time.OffsetDateTime,3003)
2024-10-28T22:56:24.527-03:00 DEBUG 17164 --- [seguridad-calidad-back] [           main] org.hibernate.type.BasicTypeRegistry     : Adding type registration OffsetDateTime -> basicType@2(java.time.OffsetDateTime,3003)
2024-10-28T22:56:24.527-03:00 DEBUG 17164 --- [seguridad-calidad-back] [           main] org.hibernate.type.BasicTypeRegistry     : Adding type registration java.time.OffsetDateTime -> basicType@2(java.time.OffsetDateTime,3003)
2024-10-28T22:56:24.527-03:00 DEBUG 17164 --- [seguridad-calidad-back] [           main] org.hibernate.type.BasicTypeRegistry     : Adding type registration org.hibernate.type.ZonedDateTimeType -> basicType@3(java.time.ZonedDateTime,3003)
2024-10-28T22:56:24.527-03:00 DEBUG 17164 --- [seguridad-calidad-back] [           main] org.hibernate.type.BasicTypeRegistry     : Adding type registration ZonedDateTime -> basicType@3(java.time.ZonedDateTime,3003)
2024-10-28T22:56:24.527-03:00 DEBUG 17164 --- [seguridad-calidad-back] [           main] org.hibernate.type.BasicTypeRegistry     : Adding type registration java.time.ZonedDateTime -> basicType@3(java.time.ZonedDateTime,3003)
2024-10-28T22:56:24.530-03:00 DEBUG 17164 --- [seguridad-calidad-back] [           main] org.hibernate.type.BasicTypeRegistry     : Adding type registration org.hibernate.type.OffsetTimeType -> basicType@4(java.time.OffsetTime,3007)
2024-10-28T22:56:24.530-03:00 DEBUG 17164 --- [seguridad-calidad-back] [           main] org.hibernate.type.BasicTypeRegistry     : Adding type registration OffsetTime -> basicType@4(java.time.OffsetTime,3007)
2024-10-28T22:56:24.530-03:00 DEBUG 17164 --- [seguridad-calidad-back] [           main] org.hibernate.type.BasicTypeRegistry     : Adding type registration java.time.OffsetTime -> basicType@4(java.time.OffsetTime,3007)
2024-10-28T22:56:24.532-03:00 DEBUG 17164 --- [seguridad-calidad-back] [           main] o.h.type.spi.TypeConfiguration$Scope     : Scoping TypeConfiguration [org.hibernate.type.spi.TypeConfiguration@37d3aa8c] to MetadataBuildingContext [org.hibernate.boot.internal.MetadataBuildingContextRootImpl@5dd747c1]
2024-10-28T22:56:24.543-03:00 DEBUG 17164 --- [seguridad-calidad-back] [onnection adder] jdk.event.security                       :  TLSHandshake: localhost:3306, TLSv1.3, TLS_AES_256_GCM_SHA384, 2287201279
2024-10-28T22:56:24.561-03:00 DEBUG 17164 --- [seguridad-calidad-back] [onnection adder] com.zaxxer.hikari.pool.HikariPool        : HikariPool-1 - Added connection com.mysql.cj.jdbc.ConnectionImpl@2a7a0cc7
2024-10-28T22:56:24.586-03:00 DEBUG 17164 --- [seguridad-calidad-back] [           main] o.h.boot.model.relational.Namespace      : Created database namespace [logicalName=Name{catalog=null, schema=null}, physicalName=Name{catalog=null, schema=null}]
2024-10-28T22:56:24.594-03:00 DEBUG 17164 --- [seguridad-calidad-back] [onnection adder] com.zaxxer.hikari.pool.HikariPool        : HikariPool-1 - After adding stats (total=2, active=0, idle=2, waiting=0)
2024-10-28T22:56:24.608-03:00 DEBUG 17164 --- [seguridad-calidad-back] [onnection adder] jdk.event.security                       : X509Certificate: Alg:SHA256withRSA, Serial:2, Subject:CN=MySQL_Server_9.1.0_Auto_Generated_Server_Certificate, Issuer:CN=MySQL_Server_9.1.0_Auto_Generated_CA_Certificate, Key type:RSA, Length:2048, Cert Id:2287201279, Valid from:28-10-24, 00:15, Valid until:26-10-34, 00:15
2024-10-28T22:56:24.609-03:00 DEBUG 17164 --- [seguridad-calidad-back] [onnection adder] jdk.event.security                       : X509Certificate: Alg:SHA256withRSA, Serial:1, Subject:CN=MySQL_Server_9.1.0_Auto_Generated_CA_Certificate, Issuer:CN=MySQL_Server_9.1.0_Auto_Generated_CA_Certificate, Key type:RSA, Length:2048, Cert Id:1007117164, Valid from:28-10-24, 00:15, Valid until:26-10-34, 00:15
2024-10-28T22:56:24.613-03:00 DEBUG 17164 --- [seguridad-calidad-back] [onnection adder] jdk.event.security                       :  TLSHandshake: localhost:3306, TLSv1.3, TLS_AES_256_GCM_SHA384, 2287201279
2024-10-28T22:56:24.621-03:00 DEBUG 17164 --- [seguridad-calidad-back] [           main] o.h.boot.model.internal.EntityBinder     : Binding entity from annotated class: com.seguridad.seguridad_calidad_back.model.Ingrediente
[...]

   WebSocketReactiveAutoConfiguration:
      Did not match:
         - @ConditionalOnWebApplication did not find reactive web application classes (OnWebApplicationCondition)

   WebSocketServletAutoConfiguration.JettyWebSocketConfiguration:
      Did not match:
         - @ConditionalOnClass did not find required class 'org.eclipse.jetty.ee10.websocket.jakarta.server.config.JakartaWebSocketServletContainerInitializer' (OnClassCondition)

   WebSocketServletAutoConfiguration.UndertowWebSocketConfiguration:
      Did not match:
         - @ConditionalOnClass did not find required class 'io.undertow.websockets.jsr.Bootstrap' (OnClassCondition)

   XADataSourceAutoConfiguration:
      Did not match:
         - @ConditionalOnBean (types: org.springframework.boot.jdbc.XADataSourceWrapper; SearchStrategy: all) did not find any beans of type org.springframework.boot.jdbc.XADataSourceWrapper (OnBeanCondition)
      Matched:
         - @ConditionalOnClass found required classes 'javax.sql.DataSource', 'jakarta.transaction.TransactionManager', 'org.springframework.jdbc.datasource.embedded.EmbeddedDatabaseType' (OnClassCondition)


Exclusions:
-----------

    None


Unconditional classes:
----------------------

    org.springframework.boot.autoconfigure.context.ConfigurationPropertiesAutoConfiguration

    org.springframework.boot.autoconfigure.ssl.SslAutoConfiguration

    org.springframework.boot.autoconfigure.context.LifecycleAutoConfiguration

    org.springframework.boot.autoconfigure.context.PropertyPlaceholderAutoConfiguration

    org.springframework.boot.autoconfigure.availability.ApplicationAvailabilityAutoConfiguration

    org.springframework.boot.autoconfigure.info.ProjectInfoAutoConfiguration



2024-10-28T22:56:26.962-03:00  INFO 17164 --- [seguridad-calidad-back] [           main] s.s.SeguridadCalidadBackApplicationTests : Started SeguridadCalidadBackApplicationTests in 5.556 seconds (process running for 6.681)
2024-10-28T22:56:26.964-03:00 DEBUG 17164 --- [seguridad-calidad-back] [           main] o.s.b.a.ApplicationAvailabilityBean      : Application availability state LivenessState changed to CORRECT
2024-10-28T22:56:26.967-03:00 DEBUG 17164 --- [seguridad-calidad-back] [           main] o.s.b.a.ApplicationAvailabilityBean      : Application availability state ReadinessState changed to ACCEPTING_TRAFFIC
2024-10-28T22:56:26.970-03:00 DEBUG 17164 --- [seguridad-calidad-back] [           main] org.springframework.test.context.cache   : Spring test ApplicationContext cache statistics: [DefaultContextCache@d970881 size = 1, maxSize = 32, parentContextCount = 0, hitCount = 0, missCount = 1, failureCount = 0]
2024-10-28T22:56:26.971-03:00 DEBUG 17164 --- [seguridad-calidad-back] [           main] o.s.t.c.w.ServletTestExecutionListener   : Setting up MockHttpServletRequest, MockHttpServletResponse, ServletWebRequest, and RequestContextHolder for test class com.seguridad.seguridad_calidad_back.SeguridadCalidadBackApplicationTests
2024-10-28T22:56:26.993-03:00 DEBUG 17164 --- [seguridad-calidad-back] [           main] DependencyInjectionTestExecutionListener : Performing dependency injection for test class com.seguridad.seguridad_calidad_back.SeguridadCalidadBackApplicationTests
2024-10-28T22:56:26.993-03:00 DEBUG 17164 --- [seguridad-calidad-back] [           main] org.springframework.test.context.cache   : Spring test ApplicationContext cache statistics: [DefaultContextCache@d970881 size = 1, maxSize = 32, parentContextCount = 0, hitCount = 1, missCount = 1, failureCount = 0]
2024-10-28T22:56:26.996-03:00 DEBUG 17164 --- [seguridad-calidad-back] [           main] org.springframework.test.context.cache   : Spring test ApplicationContext cache statistics: [DefaultContextCache@d970881 size = 1, maxSize = 32, parentContextCount = 0, hitCount = 2, missCount = 1, failureCount = 0]
2024-10-28T22:56:27.005-03:00 DEBUG 17164 --- [seguridad-calidad-back] [           main] sContextBeforeModesTestExecutionListener : Before test method: class [SeguridadCalidadBackApplicationTests], method [contextLoads], class annotated with @DirtiesContext [false] with mode [null], method annotated with @DirtiesContext [false] with mode [null]
2024-10-28T22:56:27.007-03:00 DEBUG 17164 --- [seguridad-calidad-back] [           main] org.springframework.test.context.cache   : Spring test ApplicationContext cache statistics: [DefaultContextCache@d970881 size = 1, maxSize = 32, parentContextCount = 0, hitCount = 3, missCount = 1, failureCount = 0]
2024-10-28T22:56:27.007-03:00 DEBUG 17164 --- [seguridad-calidad-back] [           main] org.springframework.test.context.cache   : Spring test ApplicationContext cache statistics: [DefaultContextCache@d970881 size = 1, maxSize = 32, parentContextCount = 0, hitCount = 4, missCount = 1, failureCount = 0]
2024-10-28T22:56:27.073-03:00 DEBUG 17164 --- [seguridad-calidad-back] [           main] java.lang.ProcessBuilder                 : ProcessBuilder.start(): pid: 9004, dir: null, cmd: "C:\Program Files\Java\jdk-21\bin\java.exe"

java.lang.RuntimeException: ProcessBuilder.start() debug
	at java.base/java.lang.ProcessBuilder.start(ProcessBuilder.java:1147) ~[na:na]
	at java.base/java.lang.ProcessBuilder.start(ProcessBuilder.java:1089) ~[na:na]
	at net.bytebuddy.agent.ByteBuddyAgent.installExternal(ByteBuddyAgent.java:673) ~[byte-buddy-agent-1.14.19.jar:na]
	at net.bytebuddy.agent.ByteBuddyAgent.install(ByteBuddyAgent.java:604) ~[byte-buddy-agent-1.14.19.jar:na]
	at net.bytebuddy.agent.ByteBuddyAgent.install(ByteBuddyAgent.java:584) ~[byte-buddy-agent-1.14.19.jar:na]
	at net.bytebuddy.agent.ByteBuddyAgent.install(ByteBuddyAgent.java:536) ~[byte-buddy-agent-1.14.19.jar:na]
	at net.bytebuddy.agent.ByteBuddyAgent.install(ByteBuddyAgent.java:513) ~[byte-buddy-agent-1.14.19.jar:na]
	at org.mockito.internal.creation.bytebuddy.InlineDelegateByteBuddyMockMaker.<clinit>(InlineDelegateByteBuddyMockMaker.java:133) ~[mockito-core-5.11.0.jar:na]
	at org.mockito.internal.creation.bytebuddy.InlineByteBuddyMockMaker.<init>(InlineByteBuddyMockMaker.java:23) ~[mockito-core-5.11.0.jar:na]
	at java.base/jdk.internal.reflect.DirectConstructorHandleAccessor.newInstance(DirectConstructorHandleAccessor.java:62) ~[na:na]
	at java.base/java.lang.reflect.Constructor.newInstanceWithCaller(Constructor.java:502) ~[na:na]
	at java.base/java.lang.reflect.Constructor.newInstance(Constructor.java:486) ~[na:na]
	at org.mockito.internal.configuration.plugins.DefaultMockitoPlugins.create(DefaultMockitoPlugins.java:103) ~[mockito-core-5.11.0.jar:na]
	at org.mockito.internal.configuration.plugins.DefaultMockitoPlugins.getDefaultPlugin(DefaultMockitoPlugins.java:79) ~[mockito-core-5.11.0.jar:na]
	at org.mockito.internal.configuration.plugins.PluginLoader.loadPlugin(PluginLoader.java:75) ~[mockito-core-5.11.0.jar:na]
	at org.mockito.internal.configuration.plugins.PluginLoader.loadPlugin(PluginLoader.java:49) ~[mockito-core-5.11.0.jar:na]
	at org.mockito.internal.configuration.plugins.PluginRegistry.<init>(PluginRegistry.java:29) ~[mockito-core-5.11.0.jar:na]
	at org.mockito.internal.configuration.plugins.Plugins.<clinit>(Plugins.java:26) ~[mockito-core-5.11.0.jar:na]
	at org.mockito.internal.MockitoCore.<clinit>(MockitoCore.java:71) ~[mockito-core-5.11.0.jar:na]
	at org.mockito.Mockito.<clinit>(Mockito.java:1683) ~[mockito-core-5.11.0.jar:na]
	at org.springframework.boot.test.mock.mockito.MockReset.get(MockReset.java:105) ~[spring-boot-test-3.3.5.jar:3.3.5]
	at org.springframework.boot.test.mock.mockito.ResetMocksTestExecutionListener.resetMocks(ResetMocksTestExecutionListener.java:85) ~[spring-boot-test-3.3.5.jar:3.3.5]
	at org.springframework.boot.test.mock.mockito.ResetMocksTestExecutionListener.resetMocks(ResetMocksTestExecutionListener.java:73) ~[spring-boot-test-3.3.5.jar:3.3.5]
	at org.springframework.boot.test.mock.mockito.ResetMocksTestExecutionListener.beforeTestMethod(ResetMocksTestExecutionListener.java:60) ~[spring-boot-test-3.3.5.jar:3.3.5]
	at org.springframework.test.context.TestContextManager.beforeTestMethod(TestContextManager.java:320) ~[spring-test-6.1.14.jar:6.1.14]
	at org.springframework.test.context.junit.jupiter.SpringExtension.beforeEach(SpringExtension.java:240) ~[spring-test-6.1.14.jar:6.1.14]
	at org.junit.jupiter.engine.descriptor.TestMethodTestDescriptor.lambda$invokeBeforeEachCallbacks$2(TestMethodTestDescriptor.java:167) ~[junit-jupiter-engine-5.10.5.jar:5.10.5]
	at org.junit.jupiter.engine.descriptor.TestMethodTestDescriptor.lambda$invokeBeforeMethodsOrCallbacksUntilExceptionOccurs$6(TestMethodTestDescriptor.java:203) ~[junit-jupiter-engine-5.10.5.jar:5.10.5]
	at org.junit.platform.engine.support.hierarchical.ThrowableCollector.execute(ThrowableCollector.java:73) ~[junit-platform-engine-1.10.5.jar:1.10.5]
	at org.junit.jupiter.engine.descriptor.TestMethodTestDescriptor.invokeBeforeMethodsOrCallbacksUntilExceptionOccurs(TestMethodTestDescriptor.java:203) ~[junit-jupiter-engine-5.10.5.jar:5.10.5]
	at org.junit.jupiter.engine.descriptor.TestMethodTestDescriptor.invokeBeforeEachCallbacks(TestMethodTestDescriptor.java:166) ~[junit-jupiter-engine-5.10.5.jar:5.10.5]
	at org.junit.jupiter.engine.descriptor.TestMethodTestDescriptor.execute(TestMethodTestDescriptor.java:133) ~[junit-jupiter-engine-5.10.5.jar:5.10.5]
	at org.junit.jupiter.engine.descriptor.TestMethodTestDescriptor.execute(TestMethodTestDescriptor.java:69) ~[junit-jupiter-engine-5.10.5.jar:5.10.5]
	at org.junit.platform.engine.support.hierarchical.NodeTestTask.lambda$executeRecursively$6(NodeTestTask.java:156) ~[junit-platform-engine-1.10.5.jar:1.10.5]
	at org.junit.platform.engine.support.hierarchical.ThrowableCollector.execute(ThrowableCollector.java:73) ~[junit-platform-engine-1.10.5.jar:1.10.5]
	at org.junit.platform.engine.support.hierarchical.NodeTestTask.lambda$executeRecursively$8(NodeTestTask.java:146) ~[junit-platform-engine-1.10.5.jar:1.10.5]
	at org.junit.platform.engine.support.hierarchical.Node.around(Node.java:137) ~[junit-platform-engine-1.10.5.jar:1.10.5]
	at org.junit.platform.engine.support.hierarchical.NodeTestTask.lambda$executeRecursively$9(NodeTestTask.java:144) ~[junit-platform-engine-1.10.5.jar:1.10.5]
	at org.junit.platform.engine.support.hierarchical.ThrowableCollector.execute(ThrowableCollector.java:73) ~[junit-platform-engine-1.10.5.jar:1.10.5]
	at org.junit.platform.engine.support.hierarchical.NodeTestTask.executeRecursively(NodeTestTask.java:143) ~[junit-platform-engine-1.10.5.jar:1.10.5]
	at org.junit.platform.engine.support.hierarchical.NodeTestTask.execute(NodeTestTask.java:100) ~[junit-platform-engine-1.10.5.jar:1.10.5]
	at java.base/java.util.ArrayList.forEach(ArrayList.java:1596) ~[na:na]
	at org.junit.platform.engine.support.hierarchical.SameThreadHierarchicalTestExecutorService.invokeAll(SameThreadHierarchicalTestExecutorService.java:41) ~[junit-platform-engine-1.10.5.jar:1.10.5]
	at org.junit.platform.engine.support.hierarchical.NodeTestTask.lambda$executeRecursively$6(NodeTestTask.java:160) ~[junit-platform-engine-1.10.5.jar:1.10.5]
	at org.junit.platform.engine.support.hierarchical.ThrowableCollector.execute(ThrowableCollector.java:73) ~[junit-platform-engine-1.10.5.jar:1.10.5]
	at org.junit.platform.engine.support.hierarchical.NodeTestTask.lambda$executeRecursively$8(NodeTestTask.java:146) ~[junit-platform-engine-1.10.5.jar:1.10.5]
	at org.junit.platform.engine.support.hierarchical.Node.around(Node.java:137) ~[junit-platform-engine-1.10.5.jar:1.10.5]
	at org.junit.platform.engine.support.hierarchical.NodeTestTask.lambda$executeRecursively$9(NodeTestTask.java:144) ~[junit-platform-engine-1.10.5.jar:1.10.5]
	at org.junit.platform.engine.support.hierarchical.ThrowableCollector.execute(ThrowableCollector.java:73) ~[junit-platform-engine-1.10.5.jar:1.10.5]
	at org.junit.platform.engine.support.hierarchical.NodeTestTask.executeRecursively(NodeTestTask.java:143) ~[junit-platform-engine-1.10.5.jar:1.10.5]
	at org.junit.platform.engine.support.hierarchical.NodeTestTask.execute(NodeTestTask.java:100) ~[junit-platform-engine-1.10.5.jar:1.10.5]
	at java.base/java.util.ArrayList.forEach(ArrayList.java:1596) ~[na:na]
	at org.junit.platform.engine.support.hierarchical.SameThreadHierarchicalTestExecutorService.invokeAll(SameThreadHierarchicalTestExecutorService.java:41) ~[junit-platform-engine-1.10.5.jar:1.10.5]
	at org.junit.platform.engine.support.hierarchical.NodeTestTask.lambda$executeRecursively$6(NodeTestTask.java:160) ~[junit-platform-engine-1.10.5.jar:1.10.5]
	at org.junit.platform.engine.support.hierarchical.ThrowableCollector.execute(ThrowableCollector.java:73) ~[junit-platform-engine-1.10.5.jar:1.10.5]
	at org.junit.platform.engine.support.hierarchical.NodeTestTask.lambda$executeRecursively$8(NodeTestTask.java:146) ~[junit-platform-engine-1.10.5.jar:1.10.5]
	at org.junit.platform.engine.support.hierarchical.Node.around(Node.java:137) ~[junit-platform-engine-1.10.5.jar:1.10.5]
	at org.junit.platform.engine.support.hierarchical.NodeTestTask.lambda$executeRecursively$9(NodeTestTask.java:144) ~[junit-platform-engine-1.10.5.jar:1.10.5]
	at org.junit.platform.engine.support.hierarchical.ThrowableCollector.execute(ThrowableCollector.java:73) ~[junit-platform-engine-1.10.5.jar:1.10.5]
	at org.junit.platform.engine.support.hierarchical.NodeTestTask.executeRecursively(NodeTestTask.java:143) ~[junit-platform-engine-1.10.5.jar:1.10.5]
	at org.junit.platform.engine.support.hierarchical.NodeTestTask.execute(NodeTestTask.java:100) ~[junit-platform-engine-1.10.5.jar:1.10.5]
	at org.junit.platform.engine.support.hierarchical.SameThreadHierarchicalTestExecutorService.submit(SameThreadHierarchicalTestExecutorService.java:35) ~[junit-platform-engine-1.10.5.jar:1.10.5]
	at org.junit.platform.engine.support.hierarchical.HierarchicalTestExecutor.execute(HierarchicalTestExecutor.java:57) ~[junit-platform-engine-1.10.5.jar:1.10.5]
	at org.junit.platform.engine.support.hierarchical.HierarchicalTestEngine.execute(HierarchicalTestEngine.java:54) ~[junit-platform-engine-1.10.5.jar:1.10.5]
	at org.junit.platform.launcher.core.EngineExecutionOrchestrator.execute(EngineExecutionOrchestrator.java:198) ~[junit-platform-launcher-1.10.5.jar:1.10.5]
	at org.junit.platform.launcher.core.EngineExecutionOrchestrator.execute(EngineExecutionOrchestrator.java:169) ~[junit-platform-launcher-1.10.5.jar:1.10.5]
	at org.junit.platform.launcher.core.EngineExecutionOrchestrator.execute(EngineExecutionOrchestrator.java:93) ~[junit-platform-launcher-1.10.5.jar:1.10.5]
	at org.junit.platform.launcher.core.EngineExecutionOrchestrator.lambda$execute$0(EngineExecutionOrchestrator.java:58) ~[junit-platform-launcher-1.10.5.jar:1.10.5]
	at org.junit.platform.launcher.core.EngineExecutionOrchestrator.withInterceptedStreams(EngineExecutionOrchestrator.java:141) ~[junit-platform-launcher-1.10.5.jar:1.10.5]
	at org.junit.platform.launcher.core.EngineExecutionOrchestrator.execute(EngineExecutionOrchestrator.java:57) ~[junit-platform-launcher-1.10.5.jar:1.10.5]
	at org.junit.platform.launcher.core.DefaultLauncher.execute(DefaultLauncher.java:103) ~[junit-platform-launcher-1.10.5.jar:1.10.5]
	at org.junit.platform.launcher.core.DefaultLauncher.execute(DefaultLauncher.java:85) ~[junit-platform-launcher-1.10.5.jar:1.10.5]
	at org.junit.platform.launcher.core.DelegatingLauncher.execute(DelegatingLauncher.java:47) ~[junit-platform-launcher-1.10.5.jar:1.10.5]
	at org.apache.maven.surefire.junitplatform.LazyLauncher.execute(LazyLauncher.java:56) ~[surefire-junit-platform-3.2.5.jar:3.2.5]
	at org.apache.maven.surefire.junitplatform.JUnitPlatformProvider.execute(JUnitPlatformProvider.java:184) ~[surefire-junit-platform-3.2.5.jar:3.2.5]
	at org.apache.maven.surefire.junitplatform.JUnitPlatformProvider.invokeAllTests(JUnitPlatformProvider.java:148) ~[surefire-junit-platform-3.2.5.jar:3.2.5]
	at org.apache.maven.surefire.junitplatform.JUnitPlatformProvider.invoke(JUnitPlatformProvider.java:122) ~[surefire-junit-platform-3.2.5.jar:3.2.5]
	at org.apache.maven.surefire.booter.ForkedBooter.runSuitesInProcess(ForkedBooter.java:385) ~[surefire-booter-3.2.5.jar:3.2.5]
	at org.apache.maven.surefire.booter.ForkedBooter.execute(ForkedBooter.java:162) ~[surefire-booter-3.2.5.jar:3.2.5]
	at org.apache.maven.surefire.booter.ForkedBooter.run(ForkedBooter.java:507) ~[surefire-booter-3.2.5.jar:3.2.5]
	at org.apache.maven.surefire.booter.ForkedBooter.main(ForkedBooter.java:495) ~[surefire-booter-3.2.5.jar:3.2.5]

2024-10-28T22:56:27.545-03:00 DEBUG 17164 --- [seguridad-calidad-back] [           main] org.springframework.test.context.cache   : Spring test ApplicationContext cache statistics: [DefaultContextCache@d970881 size = 1, maxSize = 32, parentContextCount = 0, hitCount = 5, missCount = 1, failureCount = 0]
2024-10-28T22:56:27.551-03:00 DEBUG 17164 --- [seguridad-calidad-back] [           main] org.springframework.test.context.cache   : Spring test ApplicationContext cache statistics: [DefaultContextCache@d970881 size = 1, maxSize = 32, parentContextCount = 0, hitCount = 6, missCount = 1, failureCount = 0]
2024-10-28T22:56:27.552-03:00 DEBUG 17164 --- [seguridad-calidad-back] [           main] org.springframework.test.context.cache   : Spring test ApplicationContext cache statistics: [DefaultContextCache@d970881 size = 1, maxSize = 32, parentContextCount = 0, hitCount = 7, missCount = 1, failureCount = 0]
2024-10-28T22:56:27.552-03:00 DEBUG 17164 --- [seguridad-calidad-back] [           main] org.springframework.test.context.cache   : Spring test ApplicationContext cache statistics: [DefaultContextCache@d970881 size = 1, maxSize = 32, parentContextCount = 0, hitCount = 8, missCount = 1, failureCount = 0]
2024-10-28T22:56:27.553-03:00 DEBUG 17164 --- [seguridad-calidad-back] [           main] org.springframework.test.context.cache   : Spring test ApplicationContext cache statistics: [DefaultContextCache@d970881 size = 1, maxSize = 32, parentContextCount = 0, hitCount = 9, missCount = 1, failureCount = 0]
2024-10-28T22:56:27.554-03:00 DEBUG 17164 --- [seguridad-calidad-back] [           main] org.springframework.test.context.cache   : Spring test ApplicationContext cache statistics: [DefaultContextCache@d970881 size = 1, maxSize = 32, parentContextCount = 0, hitCount = 10, missCount = 1, failureCount = 0]
2024-10-28T22:56:27.555-03:00 DEBUG 17164 --- [seguridad-calidad-back] [           main] org.springframework.test.context.cache   : Spring test ApplicationContext cache statistics: [DefaultContextCache@d970881 size = 1, maxSize = 32, parentContextCount = 0, hitCount = 11, missCount = 1, failureCount = 0]
2024-10-28T22:56:27.556-03:00 DEBUG 17164 --- [seguridad-calidad-back] [           main] .c.s.DirtiesContextTestExecutionListener : After test method: class [SeguridadCalidadBackApplicationTests], method [contextLoads], class annotated with @DirtiesContext [false] with mode [null], method annotated with @DirtiesContext [false] with mode [null]
2024-10-28T22:56:27.556-03:00 DEBUG 17164 --- [seguridad-calidad-back] [           main] o.s.t.c.w.ServletTestExecutionListener   : Resetting RequestContextHolder for test class com.seguridad.seguridad_calidad_back.SeguridadCalidadBackApplicationTests
]]></system-out>
    <system-err><![CDATA[WARNING: A Java agent has been loaded dynamically (C:\Users\jorgs\.m2\repository\net\bytebuddy\byte-buddy-agent\1.14.19\byte-buddy-agent-1.14.19.jar)
WARNING: If a serviceability tool is in use, please run with -XX:+EnableDynamicAgentLoading to hide this warning
WARNING: If a serviceability tool is not in use, please run with -Djdk.instrument.traceUsage for more information
WARNING: Dynamic loading of agents will be disallowed by default in a future release
]]></system-err>
  </testcase>
</testsuite>